{"C:\\Users\\Alexey\\Desktop\\Яндекс\\stellar-burgers\\src\\index.tsx": {"path":"C:\\Users\\Alexey\\Desktop\\Яндекс\\stellar-burgers\\src\\index.tsx","statementMap":{"0":{"start":{"line":1,"column":0},"end":{"line":1,"column":26}},"1":{"start":{"line":2,"column":0},"end":{"line":2,"column":51}},"2":{"start":{"line":3,"column":0},"end":{"line":3,"column":39}},"3":{"start":{"line":4,"column":0},"end":{"line":4,"column":49}},"4":{"start":{"line":5,"column":0},"end":{"line":5,"column":39}},"5":{"start":{"line":6,"column":0},"end":{"line":6,"column":37}},"6":{"start":{"line":8,"column":18},"end":{"line":8,"column":64}},"7":{"start":{"line":9,"column":13},"end":{"line":9,"column":50}},"8":{"start":{"line":11,"column":0},"end":{"line":19,"column":2}}},"fnMap":{},"branchMap":{},"s":{"0":0,"1":0,"2":0,"3":0,"4":0,"5":0,"6":0,"7":0,"8":0},"f":{},"b":{}}
,"C:\\Users\\Alexey\\Desktop\\Яндекс\\stellar-burgers\\src\\components\\app\\app.tsx": {"path":"C:\\Users\\Alexey\\Desktop\\Яндекс\\stellar-burgers\\src\\components\\app\\app.tsx","statementMap":{"0":{"start":{"line":1,"column":0},"end":{"line":1,"column":25}},"1":{"start":{"line":2,"column":0},"end":{"line":2,"column":38}},"2":{"start":{"line":4,"column":0},"end":{"line":4,"column":40}},"3":{"start":{"line":5,"column":0},"end":{"line":5,"column":44}},"4":{"start":{"line":6,"column":0},"end":{"line":6,"column":34}},"5":{"start":{"line":7,"column":0},"end":{"line":7,"column":62}},"6":{"start":{"line":8,"column":0},"end":{"line":8,"column":66}},"7":{"start":{"line":9,"column":0},"end":{"line":9,"column":58}},"8":{"start":{"line":11,"column":12},"end":{"line":23,"column":1}},"9":{"start":{"line":12,"column":19},"end":{"line":12,"column":32}},"10":{"start":{"line":13,"column":2},"end":{"line":16,"column":9}},"11":{"start":{"line":14,"column":4},"end":{"line":14,"column":31}},"12":{"start":{"line":15,"column":4},"end":{"line":15,"column":30}},"13":{"start":{"line":17,"column":2},"end":{"line":22,"column":4}},"14":{"start":{"line":25,"column":0},"end":{"line":25,"column":19}}},"fnMap":{"0":{"name":"(anonymous_1)","decl":{"start":{"line":11,"column":12},"end":{"line":11,"column":null}},"loc":{"start":{"line":11,"column":12},"end":{"line":23,"column":1}}},"1":{"name":"(anonymous_2)","decl":{"start":{"line":13,"column":12},"end":{"line":13,"column":null}},"loc":{"start":{"line":13,"column":12},"end":{"line":16,"column":3}}}},"branchMap":{},"s":{"0":0,"1":0,"2":0,"3":0,"4":0,"5":0,"6":0,"7":0,"8":0,"9":0,"10":0,"11":0,"12":0,"13":0,"14":0},"f":{"0":0,"1":0},"b":{}}
,"C:\\Users\\Alexey\\Desktop\\Яндекс\\stellar-burgers\\src\\components\\app-header\\app-header.tsx": {"path":"C:\\Users\\Alexey\\Desktop\\Яндекс\\stellar-burgers\\src\\components\\app-header\\app-header.tsx","statementMap":{"0":{"start":{"line":2,"column":0},"end":{"line":2,"column":34}},"1":{"start":{"line":3,"column":0},"end":{"line":3,"column":65}},"2":{"start":{"line":4,"column":0},"end":{"line":4,"column":62}},"3":{"start":{"line":6,"column":29},"end":{"line":9,"column":1}},"4":{"start":{"line":7,"column":19},"end":{"line":7,"column":52}},"5":{"start":{"line":8,"column":2},"end":{"line":8,"column":45}},"6":{"start":{"line":6,"column":13},"end":{"line":6,"column":29}}},"fnMap":{"0":{"name":"(anonymous_0)","decl":{"start":{"line":6,"column":29},"end":{"line":6,"column":null}},"loc":{"start":{"line":6,"column":29},"end":{"line":9,"column":1}}}},"branchMap":{"0":{"loc":{"start":{"line":7,"column":19},"end":{"line":7,"column":52}},"type":"binary-expr","locations":[{"start":{"line":7,"column":19},"end":{"line":7,"column":46}},{"start":{"line":7,"column":50},"end":{"line":7,"column":52}}]}},"s":{"0":0,"1":0,"2":0,"3":0,"4":0,"5":0,"6":0},"f":{"0":0},"b":{"0":[0,0]}}
,"C:\\Users\\Alexey\\Desktop\\Яндекс\\stellar-burgers\\src\\components\\burger-constructor\\burger-constructor.tsx": {"path":"C:\\Users\\Alexey\\Desktop\\Яндекс\\stellar-burgers\\src\\components\\burger-constructor\\burger-constructor.tsx","statementMap":{"0":{"start":{"line":1,"column":0},"end":{"line":1,"column":47}},"1":{"start":{"line":3,"column":0},"end":{"line":3,"column":42}},"2":{"start":{"line":4,"column":0},"end":{"line":4,"column":null}},"3":{"start":{"line":9,"column":0},"end":{"line":9,"column":56}},"4":{"start":{"line":10,"column":0},"end":{"line":10,"column":63}},"5":{"start":{"line":11,"column":0},"end":{"line":11,"column":null}},"6":{"start":{"line":15,"column":0},"end":{"line":15,"column":47}},"7":{"start":{"line":16,"column":0},"end":{"line":16,"column":70}},"8":{"start":{"line":17,"column":0},"end":{"line":17,"column":54}},"9":{"start":{"line":18,"column":0},"end":{"line":18,"column":75}},"10":{"start":{"line":20,"column":37},"end":{"line":75,"column":1}},"11":{"start":{"line":22,"column":19},"end":{"line":22,"column":32}},"12":{"start":{"line":23,"column":19},"end":{"line":23,"column":32}},"13":{"start":{"line":25,"column":27},"end":{"line":28,"column":4}},"14":{"start":{"line":30,"column":17},"end":{"line":30,"column":42}},"15":{"start":{"line":32,"column":23},"end":{"line":32,"column":56}},"16":{"start":{"line":34,"column":25},"end":{"line":34,"column":55}},"17":{"start":{"line":36,"column":23},"end":{"line":46,"column":3}},"18":{"start":{"line":37,"column":4},"end":{"line":37,"column":43}},"19":{"start":{"line":37,"column":17},"end":{"line":37,"column":43}},"20":{"start":{"line":38,"column":4},"end":{"line":38,"column":54}},"21":{"start":{"line":38,"column":47},"end":{"line":38,"column":54}},"22":{"start":{"line":40,"column":18},"end":{"line":40,"column":70}},"23":{"start":{"line":41,"column":26},"end":{"line":41,"column":74}},"24":{"start":{"line":41,"column":67},"end":{"line":41,"column":74}},"25":{"start":{"line":43,"column":19},"end":{"line":43,"column":64}},"26":{"start":{"line":44,"column":4},"end":{"line":44,"column":31}},"27":{"start":{"line":45,"column":4},"end":{"line":45,"column":35}},"28":{"start":{"line":48,"column":26},"end":{"line":52,"column":3}},"29":{"start":{"line":49,"column":4},"end":{"line":49,"column":31}},"30":{"start":{"line":50,"column":4},"end":{"line":50,"column":33}},"31":{"start":{"line":51,"column":4},"end":{"line":51,"column":25}},"32":{"start":{"line":54,"column":16},"end":{"line":61,"column":null}},"33":{"start":{"line":56,"column":6},"end":{"line":60,"column":null}},"34":{"start":{"line":58,"column":50},"end":{"line":58,"column":null}},"35":{"start":{"line":64,"column":2},"end":{"line":74,"column":4}},"36":{"start":{"line":20,"column":13},"end":{"line":20,"column":37}}},"fnMap":{"0":{"name":"(anonymous_1)","decl":{"start":{"line":20,"column":37},"end":{"line":20,"column":null}},"loc":{"start":{"line":20,"column":37},"end":{"line":75,"column":1}}},"1":{"name":"(anonymous_2)","decl":{"start":{"line":36,"column":23},"end":{"line":36,"column":null}},"loc":{"start":{"line":36,"column":23},"end":{"line":46,"column":3}}},"2":{"name":"(anonymous_3)","decl":{"start":{"line":41,"column":59},"end":{"line":41,"column":60}},"loc":{"start":{"line":41,"column":62},"end":{"line":41,"column":69}}},"3":{"name":"(anonymous_4)","decl":{"start":{"line":48,"column":26},"end":{"line":48,"column":null}},"loc":{"start":{"line":48,"column":26},"end":{"line":52,"column":3}}},"4":{"name":"(anonymous_5)","decl":{"start":{"line":55,"column":4},"end":{"line":55,"column":null}},"loc":{"start":{"line":55,"column":4},"end":{"line":56,"column":7}}},"5":{"name":"(anonymous_6)","decl":{"start":{"line":58,"column":8},"end":{"line":58,"column":9}},"loc":{"start":{"line":58,"column":45},"end":{"line":58,"column":51}}}},"branchMap":{"0":{"loc":{"start":{"line":37,"column":4},"end":{"line":37,"column":43}},"type":"if","locations":[{"start":{"line":37,"column":4},"end":{"line":37,"column":43}}]},"1":{"loc":{"start":{"line":38,"column":4},"end":{"line":38,"column":54}},"type":"if","locations":[{"start":{"line":38,"column":4},"end":{"line":38,"column":54}}]},"2":{"loc":{"start":{"line":38,"column":8},"end":{"line":38,"column":45}},"type":"binary-expr","locations":[{"start":{"line":38,"column":8},"end":{"line":38,"column":29}},{"start":{"line":38,"column":33},"end":{"line":38,"column":45}}]},"3":{"loc":{"start":{"line":40,"column":18},"end":{"line":40,"column":70}},"type":"cond-expr","locations":[{"start":{"line":40,"column":41},"end":{"line":40,"column":65}},{"start":{"line":40,"column":68},"end":{"line":40,"column":70}}]},"4":{"loc":{"start":{"line":56,"column":7},"end":{"line":56,"column":64}},"type":"cond-expr","locations":[{"start":{"line":56,"column":30},"end":{"line":56,"column":60}},{"start":{"line":56,"column":63},"end":{"line":56,"column":64}}]}},"s":{"0":0,"1":0,"2":0,"3":0,"4":0,"5":0,"6":0,"7":0,"8":0,"9":0,"10":0,"11":0,"12":0,"13":0,"14":0,"15":0,"16":0,"17":0,"18":0,"19":0,"20":0,"21":0,"22":0,"23":0,"24":0,"25":0,"26":0,"27":0,"28":0,"29":0,"30":0,"31":0,"32":0,"33":0,"34":0,"35":0,"36":0},"f":{"0":0,"1":0,"2":0,"3":0,"4":0,"5":0},"b":{"0":[0],"1":[0],"2":[0,0],"3":[0,0],"4":[0,0]}}
,"C:\\Users\\Alexey\\Desktop\\Яндекс\\stellar-burgers\\src\\components\\burger-constructor-element\\burger-constructor-element.tsx": {"path":"C:\\Users\\Alexey\\Desktop\\Яндекс\\stellar-burgers\\src\\components\\burger-constructor-element\\burger-constructor-element.tsx","statementMap":{"0":{"start":{"line":1,"column":0},"end":{"line":1,"column":33}},"1":{"start":{"line":2,"column":0},"end":{"line":2,"column":49}},"2":{"start":{"line":4,"column":0},"end":{"line":4,"column":62}},"3":{"start":{"line":5,"column":0},"end":{"line":5,"column":null}},"4":{"start":{"line":11,"column":13},"end":{"line":37,"column":2}},"5":{"start":{"line":12,"column":15},"end":{"line":12,"column":17}},"6":{"start":{"line":12,"column":22},"end":{"line":12,"column":24}},"7":{"start":{"line":12,"column":34},"end":{"line":12,"column":36}},"8":{"start":{"line":13,"column":21},"end":{"line":13,"column":34}},"9":{"start":{"line":14,"column":27},"end":{"line":16,"column":5}},"10":{"start":{"line":15,"column":6},"end":{"line":15,"column":53}},"11":{"start":{"line":18,"column":25},"end":{"line":20,"column":5}},"12":{"start":{"line":19,"column":6},"end":{"line":19,"column":51}},"13":{"start":{"line":22,"column":24},"end":{"line":24,"column":5}},"14":{"start":{"line":23,"column":6},"end":{"line":23,"column":48}},"15":{"start":{"line":26,"column":4},"end":{"line":35,"column":6}}},"fnMap":{"0":{"name":"(anonymous_0)","decl":{"start":{"line":12,"column":2},"end":{"line":12,"column":3}},"loc":{"start":{"line":12,"column":36},"end":{"line":36,"column":3}}},"1":{"name":"(anonymous_1)","decl":{"start":{"line":14,"column":27},"end":{"line":14,"column":null}},"loc":{"start":{"line":14,"column":27},"end":{"line":16,"column":5}}},"2":{"name":"(anonymous_2)","decl":{"start":{"line":18,"column":25},"end":{"line":18,"column":null}},"loc":{"start":{"line":18,"column":25},"end":{"line":20,"column":5}}},"3":{"name":"(anonymous_3)","decl":{"start":{"line":22,"column":24},"end":{"line":22,"column":null}},"loc":{"start":{"line":22,"column":24},"end":{"line":24,"column":5}}}},"branchMap":{},"s":{"0":0,"1":0,"2":0,"3":0,"4":0,"5":0,"6":0,"7":0,"8":0,"9":0,"10":0,"11":0,"12":0,"13":0,"14":0,"15":0},"f":{"0":0,"1":0,"2":0,"3":0},"b":{}}
,"C:\\Users\\Alexey\\Desktop\\Яндекс\\stellar-burgers\\src\\components\\burger-ingredient\\burger-ingredient.tsx": {"path":"C:\\Users\\Alexey\\Desktop\\Яндекс\\stellar-burgers\\src\\components\\burger-ingredient\\burger-ingredient.tsx","statementMap":{"0":{"start":{"line":1,"column":0},"end":{"line":1,"column":33}},"1":{"start":{"line":2,"column":0},"end":{"line":2,"column":47}},"2":{"start":{"line":4,"column":0},"end":{"line":4,"column":41}},"3":{"start":{"line":6,"column":0},"end":{"line":6,"column":62}},"4":{"start":{"line":7,"column":0},"end":{"line":7,"column":66}},"5":{"start":{"line":9,"column":13},"end":{"line":27,"column":2}},"6":{"start":{"line":10,"column":15},"end":{"line":10,"column":17}},"7":{"start":{"line":10,"column":22},"end":{"line":10,"column":24}},"8":{"start":{"line":11,"column":21},"end":{"line":11,"column":34}},"9":{"start":{"line":12,"column":21},"end":{"line":12,"column":34}},"10":{"start":{"line":14,"column":22},"end":{"line":16,"column":5}},"11":{"start":{"line":15,"column":6},"end":{"line":15,"column":40}},"12":{"start":{"line":18,"column":4},"end":{"line":25,"column":6}}},"fnMap":{"0":{"name":"(anonymous_0)","decl":{"start":{"line":10,"column":2},"end":{"line":10,"column":3}},"loc":{"start":{"line":10,"column":24},"end":{"line":26,"column":3}}},"1":{"name":"(anonymous_1)","decl":{"start":{"line":14,"column":22},"end":{"line":14,"column":null}},"loc":{"start":{"line":14,"column":22},"end":{"line":16,"column":5}}}},"branchMap":{},"s":{"0":0,"1":0,"2":0,"3":0,"4":0,"5":0,"6":0,"7":0,"8":0,"9":0,"10":0,"11":0,"12":0},"f":{"0":0,"1":0},"b":{}}
,"C:\\Users\\Alexey\\Desktop\\Яндекс\\stellar-burgers\\src\\components\\burger-ingredients\\burger-ingredients.tsx": {"path":"C:\\Users\\Alexey\\Desktop\\Яндекс\\stellar-burgers\\src\\components\\burger-ingredients\\burger-ingredients.tsx","statementMap":{"0":{"start":{"line":1,"column":0},"end":{"line":1,"column":56}},"1":{"start":{"line":2,"column":0},"end":{"line":2,"column":56}},"2":{"start":{"line":5,"column":0},"end":{"line":5,"column":63}},"3":{"start":{"line":6,"column":0},"end":{"line":6,"column":88}},"4":{"start":{"line":7,"column":0},"end":{"line":7,"column":62}},"5":{"start":{"line":9,"column":37},"end":{"line":69,"column":1}},"6":{"start":{"line":11,"column":15},"end":{"line":11,"column":76}},"7":{"start":{"line":11,"column":38},"end":{"line":11,"column":76}},"8":{"start":{"line":12,"column":16},"end":{"line":12,"column":78}},"9":{"start":{"line":12,"column":39},"end":{"line":12,"column":78}},"10":{"start":{"line":13,"column":17},"end":{"line":14,"column":null}},"11":{"start":{"line":14,"column":4},"end":{"line":14,"column":null}},"12":{"start":{"line":17,"column":38},"end":{"line":17,"column":63}},"13":{"start":{"line":17,"column":19},"end":{"line":17,"column":21}},"14":{"start":{"line":17,"column":34},"end":{"line":17,"column":38}},"15":{"start":{"line":18,"column":22},"end":{"line":18,"column":54}},"16":{"start":{"line":19,"column":23},"end":{"line":19,"column":55}},"17":{"start":{"line":20,"column":25},"end":{"line":20,"column":57}},"18":{"start":{"line":22,"column":32},"end":{"line":24,"column":4}},"19":{"start":{"line":22,"column":16},"end":{"line":22,"column":18}},"20":{"start":{"line":22,"column":28},"end":{"line":22,"column":32}},"21":{"start":{"line":26,"column":36},"end":{"line":28,"column":4}},"22":{"start":{"line":26,"column":17},"end":{"line":26,"column":19}},"23":{"start":{"line":26,"column":32},"end":{"line":26,"column":36}},"24":{"start":{"line":30,"column":36},"end":{"line":32,"column":4}},"25":{"start":{"line":30,"column":18},"end":{"line":30,"column":20}},"26":{"start":{"line":30,"column":32},"end":{"line":30,"column":36}},"27":{"start":{"line":34,"column":2},"end":{"line":42,"column":48}},"28":{"start":{"line":35,"column":4},"end":{"line":41,"column":5}},"29":{"start":{"line":36,"column":6},"end":{"line":36,"column":27}},"30":{"start":{"line":37,"column":11},"end":{"line":41,"column":5}},"31":{"start":{"line":38,"column":6},"end":{"line":38,"column":29}},"32":{"start":{"line":39,"column":11},"end":{"line":41,"column":5}},"33":{"start":{"line":40,"column":6},"end":{"line":40,"column":28}},"34":{"start":{"line":44,"column":21},"end":{"line":52,"column":3}},"35":{"start":{"line":45,"column":4},"end":{"line":45,"column":35}},"36":{"start":{"line":46,"column":4},"end":{"line":47,"column":66}},"37":{"start":{"line":47,"column":6},"end":{"line":47,"column":66}},"38":{"start":{"line":48,"column":4},"end":{"line":49,"column":67}},"39":{"start":{"line":49,"column":6},"end":{"line":49,"column":67}},"40":{"start":{"line":50,"column":4},"end":{"line":51,"column":69}},"41":{"start":{"line":51,"column":6},"end":{"line":51,"column":69}},"42":{"start":{"line":54,"column":2},"end":{"line":68,"column":4}},"43":{"start":{"line":9,"column":13},"end":{"line":9,"column":37}}},"fnMap":{"0":{"name":"(anonymous_0)","decl":{"start":{"line":9,"column":37},"end":{"line":9,"column":null}},"loc":{"start":{"line":9,"column":37},"end":{"line":69,"column":1}}},"1":{"name":"(anonymous_1)","decl":{"start":{"line":11,"column":27},"end":{"line":11,"column":28}},"loc":{"start":{"line":11,"column":33},"end":{"line":11,"column":61}}},"2":{"name":"(anonymous_2)","decl":{"start":{"line":12,"column":28},"end":{"line":12,"column":29}},"loc":{"start":{"line":12,"column":34},"end":{"line":12,"column":62}}},"3":{"name":"(anonymous_3)","decl":{"start":{"line":13,"column":29},"end":{"line":13,"column":30}},"loc":{"start":{"line":13,"column":35},"end":{"line":14,"column":27}}},"4":{"name":"(anonymous_4)","decl":{"start":{"line":34,"column":12},"end":{"line":34,"column":null}},"loc":{"start":{"line":34,"column":12},"end":{"line":42,"column":3}}},"5":{"name":"(anonymous_5)","decl":{"start":{"line":44,"column":21},"end":{"line":44,"column":22}},"loc":{"start":{"line":44,"column":33},"end":{"line":52,"column":3}}}},"branchMap":{"0":{"loc":{"start":{"line":35,"column":4},"end":{"line":41,"column":5}},"type":"if","locations":[{"start":{"line":35,"column":4},"end":{"line":41,"column":5}},{"start":{"line":37,"column":11},"end":{"line":41,"column":5}}]},"1":{"loc":{"start":{"line":37,"column":11},"end":{"line":41,"column":5}},"type":"if","locations":[{"start":{"line":37,"column":11},"end":{"line":41,"column":5}},{"start":{"line":39,"column":11},"end":{"line":41,"column":5}}]},"2":{"loc":{"start":{"line":39,"column":11},"end":{"line":41,"column":5}},"type":"if","locations":[{"start":{"line":39,"column":11},"end":{"line":41,"column":5}}]},"3":{"loc":{"start":{"line":46,"column":4},"end":{"line":47,"column":66}},"type":"if","locations":[{"start":{"line":46,"column":4},"end":{"line":47,"column":66}}]},"4":{"loc":{"start":{"line":47,"column":6},"end":{"line":47,"column":65}},"type":"cond-expr","locations":[{"start":{"line":47,"column":25},"end":{"line":47,"column":27}},{"start":{"line":47,"column":25},"end":{"line":47,"column":65}}]},"5":{"loc":{"start":{"line":47,"column":6},"end":{"line":47,"column":27}},"type":"binary-expr","locations":[{"start":{"line":47,"column":6},"end":{"line":47,"column":27}},{"start":{"line":47,"column":25},"end":{"line":47,"column":27}}]},"6":{"loc":{"start":{"line":48,"column":4},"end":{"line":49,"column":67}},"type":"if","locations":[{"start":{"line":48,"column":4},"end":{"line":49,"column":67}}]},"7":{"loc":{"start":{"line":49,"column":6},"end":{"line":49,"column":66}},"type":"cond-expr","locations":[{"start":{"line":49,"column":26},"end":{"line":49,"column":28}},{"start":{"line":49,"column":26},"end":{"line":49,"column":66}}]},"8":{"loc":{"start":{"line":49,"column":6},"end":{"line":49,"column":28}},"type":"binary-expr","locations":[{"start":{"line":49,"column":6},"end":{"line":49,"column":28}},{"start":{"line":49,"column":26},"end":{"line":49,"column":28}}]},"9":{"loc":{"start":{"line":50,"column":4},"end":{"line":51,"column":69}},"type":"if","locations":[{"start":{"line":50,"column":4},"end":{"line":51,"column":69}}]},"10":{"loc":{"start":{"line":51,"column":6},"end":{"line":51,"column":68}},"type":"cond-expr","locations":[{"start":{"line":51,"column":28},"end":{"line":51,"column":30}},{"start":{"line":51,"column":28},"end":{"line":51,"column":68}}]},"11":{"loc":{"start":{"line":51,"column":6},"end":{"line":51,"column":30}},"type":"binary-expr","locations":[{"start":{"line":51,"column":6},"end":{"line":51,"column":30}},{"start":{"line":51,"column":28},"end":{"line":51,"column":30}}]}},"s":{"0":0,"1":0,"2":0,"3":0,"4":0,"5":0,"6":0,"7":0,"8":0,"9":0,"10":0,"11":0,"12":0,"13":0,"14":0,"15":0,"16":0,"17":0,"18":0,"19":0,"20":0,"21":0,"22":0,"23":0,"24":0,"25":0,"26":0,"27":0,"28":0,"29":0,"30":0,"31":0,"32":0,"33":0,"34":0,"35":0,"36":0,"37":0,"38":0,"39":0,"40":0,"41":0,"42":0,"43":0},"f":{"0":0,"1":0,"2":0,"3":0,"4":0,"5":0},"b":{"0":[0,0],"1":[0,0],"2":[0],"3":[0],"4":[0,0],"5":[0,0],"6":[0],"7":[0,0],"8":[0,0],"9":[0],"10":[0,0],"11":[0,0]}}
,"C:\\Users\\Alexey\\Desktop\\Яндекс\\stellar-burgers\\src\\components\\feed-info\\feed-info.tsx": {"path":"C:\\Users\\Alexey\\Desktop\\Яндекс\\stellar-burgers\\src\\components\\feed-info\\feed-info.tsx","statementMap":{"0":{"start":{"line":4,"column":0},"end":{"line":4,"column":45}},"1":{"start":{"line":5,"column":0},"end":{"line":5,"column":62}},"2":{"start":{"line":6,"column":0},"end":{"line":6,"column":68}},"3":{"start":{"line":7,"column":0},"end":{"line":7,"column":67}},"4":{"start":{"line":9,"column":18},"end":{"line":10,"column":8}},"5":{"start":{"line":10,"column":2},"end":{"line":13,"column":18}},"6":{"start":{"line":11,"column":22},"end":{"line":11,"column":45}},"7":{"start":{"line":12,"column":19},"end":{"line":12,"column":31}},"8":{"start":{"line":15,"column":28},"end":{"line":30,"column":1}},"9":{"start":{"line":17,"column":27},"end":{"line":17,"column":52}},"10":{"start":{"line":18,"column":15},"end":{"line":18,"column":43}},"11":{"start":{"line":20,"column":22},"end":{"line":20,"column":47}},"12":{"start":{"line":21,"column":24},"end":{"line":21,"column":52}},"13":{"start":{"line":23,"column":2},"end":{"line":29,"column":4}},"14":{"start":{"line":15,"column":13},"end":{"line":15,"column":28}}},"fnMap":{"0":{"name":"(anonymous_0)","decl":{"start":{"line":9,"column":18},"end":{"line":9,"column":19}},"loc":{"start":{"line":9,"column":51},"end":{"line":10,"column":8}}},"1":{"name":"(anonymous_1)","decl":{"start":{"line":11,"column":12},"end":{"line":11,"column":13}},"loc":{"start":{"line":11,"column":17},"end":{"line":11,"column":26}}},"2":{"name":"(anonymous_2)","decl":{"start":{"line":12,"column":9},"end":{"line":12,"column":10}},"loc":{"start":{"line":12,"column":14},"end":{"line":12,"column":23}}},"3":{"name":"(anonymous_3)","decl":{"start":{"line":15,"column":28},"end":{"line":15,"column":null}},"loc":{"start":{"line":15,"column":28},"end":{"line":30,"column":1}}}},"branchMap":{},"s":{"0":0,"1":0,"2":0,"3":0,"4":0,"5":0,"6":0,"7":0,"8":0,"9":0,"10":0,"11":0,"12":0,"13":0,"14":0},"f":{"0":0,"1":0,"2":0,"3":0},"b":{}}
,"C:\\Users\\Alexey\\Desktop\\Яндекс\\stellar-burgers\\src\\components\\ingredient-details\\ingredient-details.tsx": {"path":"C:\\Users\\Alexey\\Desktop\\Яндекс\\stellar-burgers\\src\\components\\ingredient-details\\ingredient-details.tsx","statementMap":{"0":{"start":{"line":2,"column":0},"end":{"line":2,"column":44}},"1":{"start":{"line":3,"column":0},"end":{"line":3,"column":63}},"2":{"start":{"line":4,"column":0},"end":{"line":4,"column":89}},"3":{"start":{"line":5,"column":0},"end":{"line":5,"column":45}},"4":{"start":{"line":6,"column":0},"end":{"line":6,"column":62}},"5":{"start":{"line":8,"column":37},"end":{"line":20,"column":1}},"6":{"start":{"line":10,"column":17},"end":{"line":10,"column":29}},"7":{"start":{"line":11,"column":25},"end":{"line":12,"column":null}},"8":{"start":{"line":12,"column":4},"end":{"line":12,"column":null}},"9":{"start":{"line":15,"column":2},"end":{"line":17,"column":3}},"10":{"start":{"line":16,"column":4},"end":{"line":16,"column":25}},"11":{"start":{"line":19,"column":2},"end":{"line":19,"column":65}},"12":{"start":{"line":8,"column":13},"end":{"line":8,"column":37}}},"fnMap":{"0":{"name":"(anonymous_0)","decl":{"start":{"line":8,"column":37},"end":{"line":8,"column":null}},"loc":{"start":{"line":8,"column":37},"end":{"line":20,"column":1}}},"1":{"name":"(anonymous_1)","decl":{"start":{"line":11,"column":37},"end":{"line":11,"column":38}},"loc":{"start":{"line":11,"column":43},"end":{"line":12,"column":28}}}},"branchMap":{"0":{"loc":{"start":{"line":15,"column":2},"end":{"line":17,"column":3}},"type":"if","locations":[{"start":{"line":15,"column":2},"end":{"line":17,"column":3}}]}},"s":{"0":0,"1":0,"2":0,"3":0,"4":0,"5":0,"6":0,"7":0,"8":0,"9":0,"10":0,"11":0,"12":0},"f":{"0":0,"1":0},"b":{"0":[0]}}
,"C:\\Users\\Alexey\\Desktop\\Яндекс\\stellar-burgers\\src\\components\\ingredients-category\\ingredients-category.tsx": {"path":"C:\\Users\\Alexey\\Desktop\\Яндекс\\stellar-burgers\\src\\components\\ingredients-category\\ingredients-category.tsx","statementMap":{"0":{"start":{"line":1,"column":0},"end":{"line":1,"column":44}},"1":{"start":{"line":4,"column":0},"end":{"line":4,"column":67}},"2":{"start":{"line":5,"column":0},"end":{"line":5,"column":62}},"3":{"start":{"line":6,"column":0},"end":{"line":6,"column":null}},"4":{"start":{"line":11,"column":13},"end":{"line":43,"column":3}},"5":{"start":{"line":14,"column":10},"end":{"line":14,"column":12}},"6":{"start":{"line":14,"column":20},"end":{"line":14,"column":22}},"7":{"start":{"line":14,"column":33},"end":{"line":14,"column":35}},"8":{"start":{"line":16,"column":28},"end":{"line":21,"column":4}},"9":{"start":{"line":23,"column":30},"end":{"line":32,"column":25}},"10":{"start":{"line":24,"column":33},"end":{"line":24,"column":51}},"11":{"start":{"line":25,"column":48},"end":{"line":25,"column":50}},"12":{"start":{"line":26,"column":4},"end":{"line":29,"column":7}},"13":{"start":{"line":27,"column":6},"end":{"line":27,"column":66}},"14":{"start":{"line":27,"column":37},"end":{"line":27,"column":66}},"15":{"start":{"line":28,"column":6},"end":{"line":28,"column":33}},"16":{"start":{"line":30,"column":4},"end":{"line":30,"column":35}},"17":{"start":{"line":30,"column":13},"end":{"line":30,"column":35}},"18":{"start":{"line":31,"column":4},"end":{"line":31,"column":20}},"19":{"start":{"line":34,"column":2},"end":{"line":42,"column":4}}},"fnMap":{"0":{"name":"(anonymous_0)","decl":{"start":{"line":14,"column":2},"end":{"line":14,"column":3}},"loc":{"start":{"line":14,"column":40},"end":{"line":43,"column":1}}},"1":{"name":"(anonymous_1)","decl":{"start":{"line":23,"column":38},"end":{"line":23,"column":null}},"loc":{"start":{"line":23,"column":38},"end":{"line":32,"column":3}}},"2":{"name":"(anonymous_2)","decl":{"start":{"line":26,"column":24},"end":{"line":26,"column":25}},"loc":{"start":{"line":26,"column":48},"end":{"line":29,"column":5}}}},"branchMap":{"0":{"loc":{"start":{"line":18,"column":11},"end":{"line":18,"column":50}},"type":"binary-expr","locations":[{"start":{"line":18,"column":11},"end":{"line":18,"column":44}},{"start":{"line":18,"column":48},"end":{"line":18,"column":50}}]},"1":{"loc":{"start":{"line":18,"column":11},"end":{"line":18,"column":44}},"type":"cond-expr","locations":[{"start":{"line":18,"column":39},"end":{"line":18,"column":41}},{"start":{"line":18,"column":39},"end":{"line":18,"column":44}}]},"2":{"loc":{"start":{"line":18,"column":11},"end":{"line":18,"column":41}},"type":"binary-expr","locations":[{"start":{"line":18,"column":11},"end":{"line":18,"column":41}},{"start":{"line":18,"column":39},"end":{"line":18,"column":41}}]},"3":{"loc":{"start":{"line":27,"column":6},"end":{"line":27,"column":66}},"type":"if","locations":[{"start":{"line":27,"column":6},"end":{"line":27,"column":66}}]},"4":{"loc":{"start":{"line":30,"column":4},"end":{"line":30,"column":35}},"type":"if","locations":[{"start":{"line":30,"column":4},"end":{"line":30,"column":35}}]}},"s":{"0":0,"1":0,"2":0,"3":0,"4":0,"5":0,"6":0,"7":0,"8":0,"9":0,"10":0,"11":0,"12":0,"13":0,"14":0,"15":0,"16":0,"17":0,"18":0,"19":0},"f":{"0":0,"1":0,"2":0},"b":{"0":[0,0],"1":[0,0],"2":[0,0],"3":[0],"4":[0]}}
,"C:\\Users\\Alexey\\Desktop\\Яндекс\\stellar-burgers\\src\\components\\modal\\modal.tsx": {"path":"C:\\Users\\Alexey\\Desktop\\Яндекс\\stellar-burgers\\src\\components\\modal\\modal.tsx","statementMap":{"0":{"start":{"line":1,"column":0},"end":{"line":1,"column":44}},"1":{"start":{"line":2,"column":0},"end":{"line":2,"column":33}},"2":{"start":{"line":5,"column":0},"end":{"line":5,"column":30}},"3":{"start":{"line":7,"column":18},"end":{"line":7,"column":51}},"4":{"start":{"line":9,"column":13},"end":{"line":27,"column":3}},"5":{"start":{"line":9,"column":51},"end":{"line":9,"column":53}},"6":{"start":{"line":9,"column":60},"end":{"line":9,"column":62}},"7":{"start":{"line":9,"column":70},"end":{"line":9,"column":72}},"8":{"start":{"line":10,"column":2},"end":{"line":19,"column":16}},"9":{"start":{"line":11,"column":22},"end":{"line":13,"column":5}},"10":{"start":{"line":12,"column":6},"end":{"line":12,"column":38}},"11":{"start":{"line":15,"column":4},"end":{"line":15,"column":52}},"12":{"start":{"line":16,"column":4},"end":{"line":18,"column":6}},"13":{"start":{"line":17,"column":6},"end":{"line":17,"column":57}},"14":{"start":{"line":21,"column":2},"end":{"line":26,"column":4}}},"fnMap":{"0":{"name":"(anonymous_1)","decl":{"start":{"line":9,"column":43},"end":{"line":9,"column":44}},"loc":{"start":{"line":9,"column":72},"end":{"line":27,"column":1}}},"1":{"name":"(anonymous_2)","decl":{"start":{"line":10,"column":12},"end":{"line":10,"column":null}},"loc":{"start":{"line":10,"column":12},"end":{"line":19,"column":3}}},"2":{"name":"(anonymous_3)","decl":{"start":{"line":11,"column":22},"end":{"line":11,"column":23}},"loc":{"start":{"line":11,"column":39},"end":{"line":13,"column":5}}},"3":{"name":"(anonymous_4)","decl":{"start":{"line":16,"column":11},"end":{"line":16,"column":null}},"loc":{"start":{"line":16,"column":11},"end":{"line":18,"column":5}}}},"branchMap":{"0":{"loc":{"start":{"line":12,"column":6},"end":{"line":12,"column":37}},"type":"binary-expr","locations":[{"start":{"line":12,"column":6},"end":{"line":12,"column":24}},{"start":{"line":12,"column":28},"end":{"line":12,"column":37}}]}},"s":{"0":0,"1":0,"2":0,"3":0,"4":0,"5":0,"6":0,"7":0,"8":0,"9":0,"10":0,"11":0,"12":0,"13":0,"14":0},"f":{"0":0,"1":0,"2":0,"3":0},"b":{"0":[0,0]}}
,"C:\\Users\\Alexey\\Desktop\\Яндекс\\stellar-burgers\\src\\components\\order-card\\order-card.tsx": {"path":"C:\\Users\\Alexey\\Desktop\\Яндекс\\stellar-burgers\\src\\components\\order-card\\order-card.tsx","statementMap":{"0":{"start":{"line":1,"column":0},"end":{"line":1,"column":42}},"1":{"start":{"line":2,"column":0},"end":{"line":2,"column":47}},"2":{"start":{"line":6,"column":0},"end":{"line":6,"column":47}},"3":{"start":{"line":7,"column":0},"end":{"line":7,"column":62}},"4":{"start":{"line":8,"column":0},"end":{"line":8,"column":86}},"5":{"start":{"line":10,"column":23},"end":{"line":10,"column":24}},"6":{"start":{"line":12,"column":13},"end":{"line":59,"column":3}},"7":{"start":{"line":12,"column":58},"end":{"line":12,"column":60}},"8":{"start":{"line":13,"column":19},"end":{"line":13,"column":32}},"9":{"start":{"line":16,"column":37},"end":{"line":16,"column":71}},"10":{"start":{"line":18,"column":20},"end":{"line":48,"column":26}},"11":{"start":{"line":19,"column":4},"end":{"line":19,"column":41}},"12":{"start":{"line":19,"column":29},"end":{"line":19,"column":41}},"13":{"start":{"line":21,"column":28},"end":{"line":27,"column":null}},"14":{"start":{"line":23,"column":27},"end":{"line":23,"column":70}},"15":{"start":{"line":23,"column":53},"end":{"line":23,"column":70}},"16":{"start":{"line":24,"column":8},"end":{"line":24,"column":52}},"17":{"start":{"line":24,"column":24},"end":{"line":24,"column":52}},"18":{"start":{"line":25,"column":8},"end":{"line":25,"column":19}},"19":{"start":{"line":30,"column":18},"end":{"line":30,"column":76}},"20":{"start":{"line":30,"column":56},"end":{"line":30,"column":74}},"21":{"start":{"line":32,"column":30},"end":{"line":32,"column":70}},"22":{"start":{"line":35,"column":6},"end":{"line":37,"column":11}},"23":{"start":{"line":39,"column":17},"end":{"line":39,"column":42}},"24":{"start":{"line":40,"column":4},"end":{"line":46,"column":null}},"25":{"start":{"line":50,"column":2},"end":{"line":50,"column":30}},"26":{"start":{"line":50,"column":18},"end":{"line":50,"column":30}},"27":{"start":{"line":52,"column":2},"end":{"line":58,"column":4}}},"fnMap":{"0":{"name":"(anonymous_3)","decl":{"start":{"line":12,"column":50},"end":{"line":12,"column":51}},"loc":{"start":{"line":12,"column":60},"end":{"line":59,"column":1}}},"1":{"name":"(anonymous_4)","decl":{"start":{"line":18,"column":28},"end":{"line":18,"column":null}},"loc":{"start":{"line":18,"column":28},"end":{"line":48,"column":3}}},"2":{"name":"(anonymous_5)","decl":{"start":{"line":22,"column":6},"end":{"line":22,"column":7}},"loc":{"start":{"line":22,"column":39},"end":{"line":26,"column":7}}},"3":{"name":"(anonymous_6)","decl":{"start":{"line":23,"column":44},"end":{"line":23,"column":45}},"loc":{"start":{"line":23,"column":48},"end":{"line":23,"column":56}}},"4":{"name":"(anonymous_7)","decl":{"start":{"line":30,"column":41},"end":{"line":30,"column":42}},"loc":{"start":{"line":30,"column":51},"end":{"line":30,"column":59}}}},"branchMap":{"0":{"loc":{"start":{"line":19,"column":4},"end":{"line":19,"column":41}},"type":"if","locations":[{"start":{"line":19,"column":4},"end":{"line":19,"column":41}}]},"1":{"loc":{"start":{"line":24,"column":8},"end":{"line":24,"column":52}},"type":"if","locations":[{"start":{"line":24,"column":8},"end":{"line":24,"column":52}}]},"2":{"loc":{"start":{"line":35,"column":6},"end":{"line":37,"column":11}},"type":"cond-expr","locations":[{"start":{"line":36,"column":10},"end":{"line":36,"column":49}},{"start":{"line":37,"column":10},"end":{"line":37,"column":11}}]},"3":{"loc":{"start":{"line":50,"column":2},"end":{"line":50,"column":30}},"type":"if","locations":[{"start":{"line":50,"column":2},"end":{"line":50,"column":30}}]}},"s":{"0":0,"1":0,"2":0,"3":0,"4":0,"5":0,"6":0,"7":0,"8":0,"9":0,"10":0,"11":0,"12":0,"13":0,"14":0,"15":0,"16":0,"17":0,"18":0,"19":0,"20":0,"21":0,"22":0,"23":0,"24":0,"25":0,"26":0,"27":0},"f":{"0":0,"1":0,"2":0,"3":0,"4":0},"b":{"0":[0],"1":[0],"2":[0,0],"3":[0]}}
,"C:\\Users\\Alexey\\Desktop\\Яндекс\\stellar-burgers\\src\\components\\order-info\\order-info.tsx": {"path":"C:\\Users\\Alexey\\Desktop\\Яндекс\\stellar-burgers\\src\\components\\order-info\\order-info.tsx","statementMap":{"0":{"start":{"line":1,"column":0},"end":{"line":1,"column":47}},"1":{"start":{"line":2,"column":0},"end":{"line":2,"column":44}},"2":{"start":{"line":3,"column":0},"end":{"line":3,"column":47}},"3":{"start":{"line":5,"column":0},"end":{"line":5,"column":75}},"4":{"start":{"line":6,"column":0},"end":{"line":6,"column":86}},"5":{"start":{"line":7,"column":0},"end":{"line":7,"column":45}},"6":{"start":{"line":8,"column":0},"end":{"line":8,"column":48}},"7":{"start":{"line":9,"column":0},"end":{"line":9,"column":63}},"8":{"start":{"line":10,"column":0},"end":{"line":10,"column":66}},"9":{"start":{"line":12,"column":29},"end":{"line":71,"column":1}},"10":{"start":{"line":14,"column":17},"end":{"line":14,"column":41}},"11":{"start":{"line":15,"column":19},"end":{"line":15,"column":32}},"12":{"start":{"line":16,"column":20},"end":{"line":16,"column":59}},"13":{"start":{"line":17,"column":37},"end":{"line":17,"column":71}},"14":{"start":{"line":19,"column":2},"end":{"line":22,"column":49}},"15":{"start":{"line":20,"column":4},"end":{"line":20,"column":56}},"16":{"start":{"line":20,"column":20},"end":{"line":20,"column":56}},"17":{"start":{"line":21,"column":4},"end":{"line":21,"column":49}},"18":{"start":{"line":21,"column":22},"end":{"line":21,"column":49}},"19":{"start":{"line":25,"column":20},"end":{"line":64,"column":30}},"20":{"start":{"line":26,"column":4},"end":{"line":26,"column":55}},"21":{"start":{"line":26,"column":43},"end":{"line":26,"column":55}},"22":{"start":{"line":28,"column":17},"end":{"line":28,"column":46}},"23":{"start":{"line":34,"column":28},"end":{"line":50,"column":null}},"24":{"start":{"line":36,"column":8},"end":{"line":46,"column":9}},"25":{"start":{"line":37,"column":29},"end":{"line":37,"column":72}},"26":{"start":{"line":37,"column":55},"end":{"line":37,"column":72}},"27":{"start":{"line":38,"column":10},"end":{"line":43,"column":11}},"28":{"start":{"line":39,"column":12},"end":{"line":42,"column":14}},"29":{"start":{"line":45,"column":10},"end":{"line":45,"column":28}},"30":{"start":{"line":48,"column":8},"end":{"line":48,"column":19}},"31":{"start":{"line":53,"column":18},"end":{"line":55,"column":null}},"32":{"start":{"line":54,"column":21},"end":{"line":54,"column":null}},"33":{"start":{"line":58,"column":4},"end":{"line":62,"column":null}},"34":{"start":{"line":66,"column":2},"end":{"line":68,"column":3}},"35":{"start":{"line":67,"column":4},"end":{"line":67,"column":25}},"36":{"start":{"line":70,"column":2},"end":{"line":70,"column":47}},"37":{"start":{"line":12,"column":13},"end":{"line":12,"column":29}}},"fnMap":{"0":{"name":"(anonymous_2)","decl":{"start":{"line":12,"column":29},"end":{"line":12,"column":null}},"loc":{"start":{"line":12,"column":29},"end":{"line":71,"column":1}}},"1":{"name":"(anonymous_3)","decl":{"start":{"line":19,"column":12},"end":{"line":19,"column":null}},"loc":{"start":{"line":19,"column":12},"end":{"line":22,"column":3}}},"2":{"name":"(anonymous_4)","decl":{"start":{"line":25,"column":28},"end":{"line":25,"column":null}},"loc":{"start":{"line":25,"column":28},"end":{"line":64,"column":3}}},"3":{"name":"(anonymous_5)","decl":{"start":{"line":35,"column":6},"end":{"line":35,"column":7}},"loc":{"start":{"line":35,"column":39},"end":{"line":49,"column":7}}},"4":{"name":"(anonymous_6)","decl":{"start":{"line":37,"column":46},"end":{"line":37,"column":47}},"loc":{"start":{"line":37,"column":50},"end":{"line":37,"column":58}}},"5":{"name":"(anonymous_7)","decl":{"start":{"line":54,"column":6},"end":{"line":54,"column":7}},"loc":{"start":{"line":54,"column":16},"end":{"line":54,"column":24}}}},"branchMap":{"0":{"loc":{"start":{"line":14,"column":17},"end":{"line":14,"column":41}},"type":"binary-expr","locations":[{"start":{"line":14,"column":17},"end":{"line":14,"column":35}},{"start":{"line":14,"column":39},"end":{"line":14,"column":41}}]},"1":{"loc":{"start":{"line":20,"column":4},"end":{"line":20,"column":56}},"type":"if","locations":[{"start":{"line":20,"column":4},"end":{"line":20,"column":56}}]},"2":{"loc":{"start":{"line":21,"column":4},"end":{"line":21,"column":49}},"type":"if","locations":[{"start":{"line":21,"column":4},"end":{"line":21,"column":49}}]},"3":{"loc":{"start":{"line":26,"column":4},"end":{"line":26,"column":55}},"type":"if","locations":[{"start":{"line":26,"column":4},"end":{"line":26,"column":55}}]},"4":{"loc":{"start":{"line":26,"column":8},"end":{"line":26,"column":41}},"type":"binary-expr","locations":[{"start":{"line":26,"column":8},"end":{"line":26,"column":18}},{"start":{"line":26,"column":22},"end":{"line":26,"column":41}}]},"5":{"loc":{"start":{"line":36,"column":8},"end":{"line":46,"column":9}},"type":"if","locations":[{"start":{"line":36,"column":8},"end":{"line":46,"column":9}},{"start":{"line":44,"column":15},"end":{"line":46,"column":9}}]},"6":{"loc":{"start":{"line":38,"column":10},"end":{"line":43,"column":11}},"type":"if","locations":[{"start":{"line":38,"column":10},"end":{"line":43,"column":11}}]},"7":{"loc":{"start":{"line":66,"column":2},"end":{"line":68,"column":3}},"type":"if","locations":[{"start":{"line":66,"column":2},"end":{"line":68,"column":3}}]}},"s":{"0":0,"1":0,"2":0,"3":0,"4":0,"5":0,"6":0,"7":0,"8":0,"9":0,"10":0,"11":0,"12":0,"13":0,"14":0,"15":0,"16":0,"17":0,"18":0,"19":0,"20":0,"21":0,"22":0,"23":0,"24":0,"25":0,"26":0,"27":0,"28":0,"29":0,"30":0,"31":0,"32":0,"33":0,"34":0,"35":0,"36":0,"37":0},"f":{"0":0,"1":0,"2":0,"3":0,"4":0,"5":0},"b":{"0":[0,0],"1":[0],"2":[0],"3":[0],"4":[0,0],"5":[0,0],"6":[0],"7":[0]}}
,"C:\\Users\\Alexey\\Desktop\\Яндекс\\stellar-burgers\\src\\components\\order-status\\order-status.tsx": {"path":"C:\\Users\\Alexey\\Desktop\\Яндекс\\stellar-burgers\\src\\components\\order-status\\order-status.tsx","statementMap":{"0":{"start":{"line":3,"column":0},"end":{"line":3,"column":36}},"1":{"start":{"line":5,"column":46},"end":{"line":9,"column":2}},"2":{"start":{"line":11,"column":49},"end":{"line":25,"column":1}},"3":{"start":{"line":11,"column":58},"end":{"line":11,"column":60}},"4":{"start":{"line":12,"column":18},"end":{"line":12,"column":20}},"5":{"start":{"line":13,"column":2},"end":{"line":22,"column":3}},"6":{"start":{"line":15,"column":6},"end":{"line":15,"column":28}},"7":{"start":{"line":16,"column":6},"end":{"line":16,"column":12}},"8":{"start":{"line":18,"column":6},"end":{"line":18,"column":28}},"9":{"start":{"line":19,"column":6},"end":{"line":19,"column":12}},"10":{"start":{"line":21,"column":6},"end":{"line":21,"column":28}},"11":{"start":{"line":24,"column":2},"end":{"line":24,"column":78}},"12":{"start":{"line":11,"column":13},"end":{"line":11,"column":49}}},"fnMap":{"0":{"name":"(anonymous_0)","decl":{"start":{"line":11,"column":49},"end":{"line":11,"column":50}},"loc":{"start":{"line":11,"column":60},"end":{"line":25,"column":1}}}},"branchMap":{"0":{"loc":{"start":{"line":13,"column":2},"end":{"line":22,"column":3}},"type":"switch","locations":[{"start":{"line":14,"column":4},"end":{"line":16,"column":12}},{"start":{"line":17,"column":4},"end":{"line":19,"column":12}},{"start":{"line":20,"column":4},"end":{"line":21,"column":28}}]}},"s":{"0":0,"1":0,"2":0,"3":0,"4":0,"5":0,"6":0,"7":0,"8":0,"9":0,"10":0,"11":0,"12":0},"f":{"0":0},"b":{"0":[0,0,0]}}
,"C:\\Users\\Alexey\\Desktop\\Яндекс\\stellar-burgers\\src\\components\\orders-list\\orders-list.tsx": {"path":"C:\\Users\\Alexey\\Desktop\\Яндекс\\stellar-burgers\\src\\components\\orders-list\\orders-list.tsx","statementMap":{"0":{"start":{"line":1,"column":0},"end":{"line":1,"column":33}},"1":{"start":{"line":4,"column":0},"end":{"line":4,"column":35}},"2":{"start":{"line":6,"column":13},"end":{"line":11,"column":3}},"3":{"start":{"line":6,"column":61},"end":{"line":6,"column":63}},"4":{"start":{"line":7,"column":22},"end":{"line":8,"column":null}},"5":{"start":{"line":8,"column":14},"end":{"line":8,"column":null}},"6":{"start":{"line":10,"column":2},"end":{"line":10,"column":52}}},"fnMap":{"0":{"name":"(anonymous_1)","decl":{"start":{"line":6,"column":52},"end":{"line":6,"column":53}},"loc":{"start":{"line":6,"column":63},"end":{"line":11,"column":1}}},"1":{"name":"(anonymous_2)","decl":{"start":{"line":8,"column":4},"end":{"line":8,"column":5}},"loc":{"start":{"line":8,"column":9},"end":{"line":8,"column":18}}}},"branchMap":{},"s":{"0":0,"1":0,"2":0,"3":0,"4":0,"5":0,"6":0},"f":{"0":0,"1":0},"b":{}}
,"C:\\Users\\Alexey\\Desktop\\Яндекс\\stellar-burgers\\src\\components\\profile-menu\\profile-menu.tsx": {"path":"C:\\Users\\Alexey\\Desktop\\Яндекс\\stellar-burgers\\src\\components\\profile-menu\\profile-menu.tsx","statementMap":{"0":{"start":{"line":2,"column":0},"end":{"line":2,"column":47}},"1":{"start":{"line":3,"column":0},"end":{"line":3,"column":36}},"2":{"start":{"line":4,"column":0},"end":{"line":4,"column":62}},"3":{"start":{"line":5,"column":0},"end":{"line":5,"column":55}},"4":{"start":{"line":6,"column":0},"end":{"line":6,"column":66}},"5":{"start":{"line":8,"column":31},"end":{"line":18,"column":1}},"6":{"start":{"line":9,"column":23},"end":{"line":9,"column":37}},"7":{"start":{"line":10,"column":19},"end":{"line":10,"column":32}},"8":{"start":{"line":12,"column":23},"end":{"line":15,"column":3}},"9":{"start":{"line":13,"column":4},"end":{"line":13,"column":27}},"10":{"start":{"line":14,"column":4},"end":{"line":14,"column":28}},"11":{"start":{"line":17,"column":2},"end":{"line":17,"column":75}},"12":{"start":{"line":8,"column":13},"end":{"line":8,"column":31}}},"fnMap":{"0":{"name":"(anonymous_0)","decl":{"start":{"line":8,"column":31},"end":{"line":8,"column":null}},"loc":{"start":{"line":8,"column":31},"end":{"line":18,"column":1}}},"1":{"name":"(anonymous_1)","decl":{"start":{"line":12,"column":23},"end":{"line":12,"column":null}},"loc":{"start":{"line":12,"column":23},"end":{"line":15,"column":3}}}},"branchMap":{},"s":{"0":0,"1":0,"2":0,"3":0,"4":0,"5":0,"6":0,"7":0,"8":0,"9":0,"10":0,"11":0,"12":0},"f":{"0":0,"1":0},"b":{}}
,"C:\\Users\\Alexey\\Desktop\\Яндекс\\stellar-burgers\\src\\components\\routes\\protectedRoute.tsx": {"path":"C:\\Users\\Alexey\\Desktop\\Яндекс\\stellar-burgers\\src\\components\\routes\\protectedRoute.tsx","statementMap":{"0":{"start":{"line":2,"column":0},"end":{"line":2,"column":null}},"1":{"start":{"line":6,"column":0},"end":{"line":6,"column":62}},"2":{"start":{"line":7,"column":0},"end":{"line":7,"column":32}},"3":{"start":{"line":8,"column":0},"end":{"line":8,"column":57}},"4":{"start":{"line":15,"column":30},"end":{"line":45,"column":1}},"5":{"start":{"line":15,"column":41},"end":{"line":15,"column":43}},"6":{"start":{"line":15,"column":53},"end":{"line":15,"column":72}},"7":{"start":{"line":16,"column":19},"end":{"line":16,"column":32}},"8":{"start":{"line":17,"column":17},"end":{"line":17,"column":42}},"9":{"start":{"line":18,"column":24},"end":{"line":18,"column":56}},"10":{"start":{"line":20,"column":2},"end":{"line":20,"column":43}},"11":{"start":{"line":20,"column":22},"end":{"line":20,"column":43}},"12":{"start":{"line":22,"column":2},"end":{"line":26,"column":3}},"13":{"start":{"line":23,"column":17},"end":{"line":23,"column":58}},"14":{"start":{"line":24,"column":23},"end":{"line":24,"column":62}},"15":{"start":{"line":25,"column":4},"end":{"line":25,"column":57}},"16":{"start":{"line":28,"column":2},"end":{"line":42,"column":3}},"17":{"start":{"line":29,"column":4},"end":{"line":41,"column":6}},"18":{"start":{"line":44,"column":2},"end":{"line":44,"column":18}},"19":{"start":{"line":15,"column":13},"end":{"line":15,"column":30}}},"fnMap":{"0":{"name":"(anonymous_2)","decl":{"start":{"line":15,"column":30},"end":{"line":15,"column":31}},"loc":{"start":{"line":15,"column":72},"end":{"line":45,"column":1}}}},"branchMap":{"0":{"loc":{"start":{"line":20,"column":2},"end":{"line":20,"column":43}},"type":"if","locations":[{"start":{"line":20,"column":2},"end":{"line":20,"column":43}}]},"1":{"loc":{"start":{"line":22,"column":2},"end":{"line":26,"column":3}},"type":"if","locations":[{"start":{"line":22,"column":2},"end":{"line":26,"column":3}}]},"2":{"loc":{"start":{"line":22,"column":6},"end":{"line":22,"column":26}},"type":"binary-expr","locations":[{"start":{"line":22,"column":6},"end":{"line":22,"column":12}},{"start":{"line":22,"column":16},"end":{"line":22,"column":26}}]},"3":{"loc":{"start":{"line":23,"column":17},"end":{"line":23,"column":58}},"type":"binary-expr","locations":[{"start":{"line":23,"column":17},"end":{"line":23,"column":37}},{"start":{"line":23,"column":41},"end":{"line":23,"column":58}}]},"4":{"loc":{"start":{"line":23,"column":17},"end":{"line":23,"column":37}},"type":"cond-expr","locations":[{"start":{"line":23,"column":31},"end":{"line":23,"column":33}},{"start":{"line":23,"column":31},"end":{"line":23,"column":37}}]},"5":{"loc":{"start":{"line":23,"column":17},"end":{"line":23,"column":33}},"type":"binary-expr","locations":[{"start":{"line":23,"column":17},"end":{"line":23,"column":33}},{"start":{"line":23,"column":31},"end":{"line":23,"column":33}}]},"6":{"loc":{"start":{"line":24,"column":23},"end":{"line":24,"column":62}},"type":"binary-expr","locations":[{"start":{"line":24,"column":23},"end":{"line":24,"column":54}},{"start":{"line":24,"column":58},"end":{"line":24,"column":62}}]},"7":{"loc":{"start":{"line":24,"column":23},"end":{"line":24,"column":54}},"type":"cond-expr","locations":[{"start":{"line":24,"column":37},"end":{"line":24,"column":39}},{"start":{"line":24,"column":37},"end":{"line":24,"column":54}}]},"8":{"loc":{"start":{"line":24,"column":23},"end":{"line":24,"column":39}},"type":"binary-expr","locations":[{"start":{"line":24,"column":23},"end":{"line":24,"column":39}},{"start":{"line":24,"column":37},"end":{"line":24,"column":39}}]},"9":{"loc":{"start":{"line":28,"column":2},"end":{"line":42,"column":3}},"type":"if","locations":[{"start":{"line":28,"column":2},"end":{"line":42,"column":3}}]},"10":{"loc":{"start":{"line":28,"column":6},"end":{"line":28,"column":28}},"type":"binary-expr","locations":[{"start":{"line":28,"column":6},"end":{"line":28,"column":17}},{"start":{"line":28,"column":21},"end":{"line":28,"column":28}}]},"11":{"loc":{"start":{"line":36,"column":24},"end":{"line":36,"column":50}},"type":"cond-expr","locations":[{"start":{"line":36,"column":38},"end":{"line":36,"column":40}},{"start":{"line":36,"column":38},"end":{"line":36,"column":50}}]},"12":{"loc":{"start":{"line":36,"column":24},"end":{"line":36,"column":40}},"type":"binary-expr","locations":[{"start":{"line":36,"column":24},"end":{"line":36,"column":40}},{"start":{"line":36,"column":38},"end":{"line":36,"column":40}}]}},"s":{"0":0,"1":0,"2":0,"3":0,"4":0,"5":0,"6":0,"7":0,"8":0,"9":0,"10":0,"11":0,"12":0,"13":0,"14":0,"15":0,"16":0,"17":0,"18":0,"19":0},"f":{"0":0},"b":{"0":[0],"1":[0],"2":[0,0],"3":[0,0],"4":[0,0],"5":[0,0],"6":[0,0],"7":[0,0],"8":[0,0],"9":[0],"10":[0,0],"11":[0,0],"12":[0,0]}}
,"C:\\Users\\Alexey\\Desktop\\Яндекс\\stellar-burgers\\src\\components\\routes\\routes.tsx": {"path":"C:\\Users\\Alexey\\Desktop\\Яндекс\\stellar-burgers\\src\\components\\routes\\routes.tsx","statementMap":{"0":{"start":{"line":1,"column":0},"end":{"line":1,"column":null}},"1":{"start":{"line":8,"column":0},"end":{"line":8,"column":null}},"2":{"start":{"line":20,"column":0},"end":{"line":20,"column":66}},"3":{"start":{"line":21,"column":0},"end":{"line":21,"column":50}},"4":{"start":{"line":23,"column":24},"end":{"line":127,"column":1}},"5":{"start":{"line":24,"column":19},"end":{"line":24,"column":32}},"6":{"start":{"line":25,"column":22},"end":{"line":25,"column":36}},"7":{"start":{"line":25,"column":28},"end":{"line":25,"column":41}},"8":{"start":{"line":26,"column":19},"end":{"line":26,"column":32}},"9":{"start":{"line":27,"column":21},"end":{"line":27,"column":47}},"10":{"start":{"line":29,"column":2},"end":{"line":126,"column":4}},"11":{"start":{"line":23,"column":13},"end":{"line":23,"column":24}}},"fnMap":{"0":{"name":"(anonymous_0)","decl":{"start":{"line":23,"column":24},"end":{"line":23,"column":null}},"loc":{"start":{"line":23,"column":24},"end":{"line":127,"column":1}}},"1":{"name":"(anonymous_1)","decl":{"start":{"line":25,"column":22},"end":{"line":25,"column":28}},"loc":{"start":{"line":25,"column":22},"end":{"line":25,"column":36}}}},"branchMap":{"0":{"loc":{"start":{"line":27,"column":21},"end":{"line":27,"column":47}},"type":"cond-expr","locations":[{"start":{"line":27,"column":35},"end":{"line":27,"column":37}},{"start":{"line":27,"column":35},"end":{"line":27,"column":47}}]},"1":{"loc":{"start":{"line":27,"column":21},"end":{"line":27,"column":37}},"type":"binary-expr","locations":[{"start":{"line":27,"column":21},"end":{"line":27,"column":37}},{"start":{"line":27,"column":35},"end":{"line":27,"column":37}}]},"2":{"loc":{"start":{"line":31,"column":24},"end":{"line":31,"column":46}},"type":"binary-expr","locations":[{"start":{"line":31,"column":24},"end":{"line":31,"column":34}},{"start":{"line":31,"column":38},"end":{"line":31,"column":46}}]},"3":{"loc":{"start":{"line":95,"column":7},"end":{"line":123,"column":null}},"type":"binary-expr","locations":[{"start":{"line":95,"column":7},"end":{"line":95,"column":17}},{"start":{"line":96,"column":8},"end":{"line":122,"column":null}}]}},"s":{"0":0,"1":0,"2":0,"3":0,"4":0,"5":0,"6":0,"7":0,"8":0,"9":0,"10":0,"11":0},"f":{"0":0,"1":0},"b":{"0":[0,0],"1":[0,0],"2":[0,0],"3":[0,0]}}
,"C:\\Users\\Alexey\\Desktop\\Яндекс\\stellar-burgers\\src\\components\\ui\\app-header\\app-header.tsx": {"path":"C:\\Users\\Alexey\\Desktop\\Яндекс\\stellar-burgers\\src\\components\\ui\\app-header\\app-header.tsx","statementMap":{"0":{"start":{"line":2,"column":0},"end":{"line":2,"column":45}},"1":{"start":{"line":4,"column":0},"end":{"line":4,"column":null}},"2":{"start":{"line":10,"column":0},"end":{"line":10,"column":43}},"3":{"start":{"line":12,"column":50},"end":{"line":12,"column":null}},"4":{"start":{"line":12,"column":61},"end":{"line":12,"column":63}},"5":{"start":{"line":12,"column":68},"end":{"line":59,"column":2}},"6":{"start":{"line":18,"column":32},"end":{"line":18,"column":34}},"7":{"start":{"line":19,"column":12},"end":{"line":19,"column":null}},"8":{"start":{"line":29,"column":32},"end":{"line":29,"column":34}},"9":{"start":{"line":30,"column":12},"end":{"line":30,"column":null}},"10":{"start":{"line":47,"column":32},"end":{"line":47,"column":34}},"11":{"start":{"line":48,"column":12},"end":{"line":48,"column":null}},"12":{"start":{"line":12,"column":13},"end":{"line":12,"column":50}}},"fnMap":{"0":{"name":"(anonymous_1)","decl":{"start":{"line":12,"column":50},"end":{"line":12,"column":51}},"loc":{"start":{"line":12,"column":63},"end":{"line":12,"column":null}}},"1":{"name":"(anonymous_2)","decl":{"start":{"line":18,"column":21},"end":{"line":18,"column":22}},"loc":{"start":{"line":18,"column":34},"end":{"line":19,"column":13}}},"2":{"name":"(anonymous_3)","decl":{"start":{"line":29,"column":21},"end":{"line":29,"column":22}},"loc":{"start":{"line":29,"column":34},"end":{"line":30,"column":13}}},"3":{"name":"(anonymous_4)","decl":{"start":{"line":47,"column":21},"end":{"line":47,"column":22}},"loc":{"start":{"line":47,"column":34},"end":{"line":48,"column":13}}}},"branchMap":{"0":{"loc":{"start":{"line":19,"column":26},"end":{"line":19,"column":69}},"type":"cond-expr","locations":[{"start":{"line":19,"column":37},"end":{"line":19,"column":55}},{"start":{"line":19,"column":58},"end":{"line":19,"column":69}}]},"1":{"loc":{"start":{"line":30,"column":26},"end":{"line":30,"column":69}},"type":"cond-expr","locations":[{"start":{"line":30,"column":37},"end":{"line":30,"column":55}},{"start":{"line":30,"column":58},"end":{"line":30,"column":69}}]},"2":{"loc":{"start":{"line":48,"column":26},"end":{"line":48,"column":69}},"type":"cond-expr","locations":[{"start":{"line":48,"column":37},"end":{"line":48,"column":55}},{"start":{"line":48,"column":58},"end":{"line":48,"column":69}}]},"3":{"loc":{"start":{"line":53,"column":13},"end":{"line":53,"column":41}},"type":"binary-expr","locations":[{"start":{"line":53,"column":13},"end":{"line":53,"column":21}},{"start":{"line":53,"column":25},"end":{"line":53,"column":41}}]}},"s":{"0":0,"1":0,"2":0,"3":0,"4":0,"5":0,"6":0,"7":0,"8":0,"9":0,"10":0,"11":0,"12":0},"f":{"0":0,"1":0,"2":0,"3":0},"b":{"0":[0,0],"1":[0,0],"2":[0,0],"3":[0,0]}}
,"C:\\Users\\Alexey\\Desktop\\Яндекс\\stellar-burgers\\src\\components\\ui\\burger-constructor\\burger-constructor.tsx": {"path":"C:\\Users\\Alexey\\Desktop\\Яндекс\\stellar-burgers\\src\\components\\ui\\burger-constructor\\burger-constructor.tsx","statementMap":{"0":{"start":{"line":2,"column":0},"end":{"line":2,"column":null}},"1":{"start":{"line":7,"column":0},"end":{"line":7,"column":53}},"2":{"start":{"line":10,"column":0},"end":{"line":10,"column":62}},"3":{"start":{"line":11,"column":0},"end":{"line":11,"column":48}},"4":{"start":{"line":13,"column":65},"end":{"line":21,"column":null}},"5":{"start":{"line":14,"column":18},"end":{"line":14,"column":null}},"6":{"start":{"line":15,"column":14},"end":{"line":15,"column":null}},"7":{"start":{"line":16,"column":7},"end":{"line":16,"column":null}},"8":{"start":{"line":17,"column":16},"end":{"line":17,"column":null}},"9":{"start":{"line":18,"column":14},"end":{"line":18,"column":null}},"10":{"start":{"line":19,"column":17},"end":{"line":19,"column":null}},"11":{"start":{"line":20,"column":8},"end":{"line":20,"column":null}},"12":{"start":{"line":21,"column":6},"end":{"line":108,"column":2}},"13":{"start":{"line":43,"column":59},"end":{"line":50,"column":null}},"14":{"start":{"line":13,"column":13},"end":{"line":13,"column":65}}},"fnMap":{"0":{"name":"(anonymous_1)","decl":{"start":{"line":13,"column":65},"end":{"line":13,"column":66}},"loc":{"start":{"line":21,"column":1},"end":{"line":21,"column":null}}},"1":{"name":"(anonymous_2)","decl":{"start":{"line":43,"column":10},"end":{"line":43,"column":11}},"loc":{"start":{"line":43,"column":54},"end":{"line":43,"column":null}}}},"branchMap":{"0":{"loc":{"start":{"line":23,"column":5},"end":{"line":38,"column":null}},"type":"cond-expr","locations":[{"start":{"line":24,"column":6},"end":{"line":31,"column":null}},{"start":{"line":34,"column":6},"end":{"line":35,"column":null}}]},"1":{"loc":{"start":{"line":41,"column":7},"end":{"line":58,"column":null}},"type":"cond-expr","locations":[{"start":{"line":42,"column":8},"end":{"line":50,"column":null}},{"start":{"line":53,"column":8},"end":{"line":55,"column":null}}]},"2":{"loc":{"start":{"line":61,"column":5},"end":{"line":76,"column":null}},"type":"cond-expr","locations":[{"start":{"line":62,"column":6},"end":{"line":69,"column":null}},{"start":{"line":72,"column":6},"end":{"line":73,"column":null}}]},"3":{"loc":{"start":{"line":88,"column":18},"end":{"line":88,"column":53}},"type":"cond-expr","locations":[{"start":{"line":88,"column":27},"end":{"line":88,"column":43}},{"start":{"line":88,"column":46},"end":{"line":88,"column":53}}]},"4":{"loc":{"start":{"line":93,"column":5},"end":{"line":96,"column":null}},"type":"binary-expr","locations":[{"start":{"line":93,"column":5},"end":{"line":93,"column":17}},{"start":{"line":94,"column":6},"end":{"line":95,"column":null}}]},"5":{"loc":{"start":{"line":99,"column":5},"end":{"line":105,"column":null}},"type":"binary-expr","locations":[{"start":{"line":99,"column":5},"end":{"line":99,"column":19}},{"start":{"line":100,"column":6},"end":{"line":104,"column":null}}]},"6":{"loc":{"start":{"line":102,"column":15},"end":{"line":102,"column":55}},"type":"cond-expr","locations":[{"start":{"line":102,"column":30},"end":{"line":102,"column":50}},{"start":{"line":102,"column":53},"end":{"line":102,"column":55}}]}},"s":{"0":0,"1":0,"2":0,"3":0,"4":0,"5":0,"6":0,"7":0,"8":0,"9":0,"10":0,"11":0,"12":0,"13":0,"14":0},"f":{"0":0,"1":0},"b":{"0":[0,0],"1":[0,0],"2":[0,0],"3":[0,0],"4":[0,0],"5":[0,0],"6":[0,0]}}
,"C:\\Users\\Alexey\\Desktop\\Яндекс\\stellar-burgers\\src\\components\\ui\\burger-constructor-element\\burger-constructor-element.tsx": {"path":"C:\\Users\\Alexey\\Desktop\\Яндекс\\stellar-burgers\\src\\components\\ui\\burger-constructor-element\\burger-constructor-element.tsx","statementMap":{"0":{"start":{"line":1,"column":0},"end":{"line":1,"column":40}},"1":{"start":{"line":2,"column":0},"end":{"line":2,"column":61}},"2":{"start":{"line":3,"column":0},"end":{"line":3,"column":81}},"3":{"start":{"line":5,"column":0},"end":{"line":5,"column":73}},"4":{"start":{"line":7,"column":13},"end":{"line":34,"column":4}},"5":{"start":{"line":10,"column":16},"end":{"line":10,"column":null}},"6":{"start":{"line":11,"column":11},"end":{"line":11,"column":null}},"7":{"start":{"line":12,"column":16},"end":{"line":12,"column":null}},"8":{"start":{"line":13,"column":18},"end":{"line":13,"column":null}},"9":{"start":{"line":14,"column":20},"end":{"line":14,"column":null}},"10":{"start":{"line":15,"column":17},"end":{"line":15,"column":null}},"11":{"start":{"line":16,"column":10},"end":{"line":33,"column":null}}},"fnMap":{"0":{"name":"(anonymous_1)","decl":{"start":{"line":9,"column":4},"end":{"line":9,"column":5}},"loc":{"start":{"line":16,"column":5},"end":{"line":16,"column":null}}}},"branchMap":{},"s":{"0":0,"1":0,"2":0,"3":0,"4":0,"5":0,"6":0,"7":0,"8":0,"9":0,"10":0,"11":0},"f":{"0":0},"b":{}}
,"C:\\Users\\Alexey\\Desktop\\Яндекс\\stellar-burgers\\src\\components\\ui\\burger-ingredient\\burger-ingredient.tsx": {"path":"C:\\Users\\Alexey\\Desktop\\Яндекс\\stellar-burgers\\src\\components\\ui\\burger-ingredient\\burger-ingredient.tsx","statementMap":{"0":{"start":{"line":1,"column":0},"end":{"line":1,"column":40}},"1":{"start":{"line":2,"column":0},"end":{"line":2,"column":53}},"2":{"start":{"line":3,"column":0},"end":{"line":3,"column":52}},"3":{"start":{"line":5,"column":0},"end":{"line":5,"column":null}},"4":{"start":{"line":13,"column":13},"end":{"line":42,"column":2}},"5":{"start":{"line":14,"column":15},"end":{"line":14,"column":17}},"6":{"start":{"line":14,"column":22},"end":{"line":14,"column":24}},"7":{"start":{"line":14,"column":33},"end":{"line":14,"column":35}},"8":{"start":{"line":14,"column":48},"end":{"line":14,"column":50}},"9":{"start":{"line":15,"column":40},"end":{"line":15,"column":51}},"10":{"start":{"line":16,"column":21},"end":{"line":16,"column":34}},"11":{"start":{"line":18,"column":4},"end":{"line":40,"column":6}}},"fnMap":{"0":{"name":"(anonymous_1)","decl":{"start":{"line":14,"column":2},"end":{"line":14,"column":3}},"loc":{"start":{"line":14,"column":50},"end":{"line":41,"column":3}}}},"branchMap":{"0":{"loc":{"start":{"line":25,"column":11},"end":{"line":25,"column":45}},"type":"binary-expr","locations":[{"start":{"line":25,"column":11},"end":{"line":25,"column":16}},{"start":{"line":25,"column":20},"end":{"line":25,"column":45}}]}},"s":{"0":0,"1":0,"2":0,"3":0,"4":0,"5":0,"6":0,"7":0,"8":0,"9":0,"10":0,"11":0},"f":{"0":0},"b":{"0":[0,0]}}
,"C:\\Users\\Alexey\\Desktop\\Яндекс\\stellar-burgers\\src\\components\\ui\\burger-ingredients\\burger-ingredients.tsx": {"path":"C:\\Users\\Alexey\\Desktop\\Яндекс\\stellar-burgers\\src\\components\\ui\\burger-ingredients\\burger-ingredients.tsx","statementMap":{"0":{"start":{"line":1,"column":0},"end":{"line":1,"column":40}},"1":{"start":{"line":2,"column":0},"end":{"line":2,"column":66}},"2":{"start":{"line":4,"column":0},"end":{"line":4,"column":53}},"3":{"start":{"line":6,"column":0},"end":{"line":6,"column":50}},"4":{"start":{"line":8,"column":13},"end":{"line":68,"column":2}},"5":{"start":{"line":10,"column":14},"end":{"line":10,"column":null}},"6":{"start":{"line":11,"column":8},"end":{"line":11,"column":null}},"7":{"start":{"line":12,"column":9},"end":{"line":12,"column":null}},"8":{"start":{"line":13,"column":10},"end":{"line":13,"column":null}},"9":{"start":{"line":14,"column":15},"end":{"line":14,"column":null}},"10":{"start":{"line":15,"column":16},"end":{"line":15,"column":null}},"11":{"start":{"line":16,"column":18},"end":{"line":16,"column":null}},"12":{"start":{"line":17,"column":11},"end":{"line":17,"column":null}},"13":{"start":{"line":18,"column":12},"end":{"line":18,"column":null}},"14":{"start":{"line":19,"column":13},"end":{"line":19,"column":null}},"15":{"start":{"line":20,"column":14},"end":{"line":20,"column":null}},"16":{"start":{"line":21,"column":8},"end":{"line":67,"column":null}}},"fnMap":{"0":{"name":"(anonymous_1)","decl":{"start":{"line":9,"column":2},"end":{"line":9,"column":3}},"loc":{"start":{"line":21,"column":3},"end":{"line":21,"column":null}}}},"branchMap":{},"s":{"0":0,"1":0,"2":0,"3":0,"4":0,"5":0,"6":0,"7":0,"8":0,"9":0,"10":0,"11":0,"12":0,"13":0,"14":0,"15":0,"16":0},"f":{"0":0},"b":{}}
,"C:\\Users\\Alexey\\Desktop\\Яндекс\\stellar-burgers\\src\\components\\ui\\feed-info\\feed-info.tsx": {"path":"C:\\Users\\Alexey\\Desktop\\Яндекс\\stellar-burgers\\src\\components\\ui\\feed-info\\feed-info.tsx","statementMap":{"0":{"start":{"line":1,"column":0},"end":{"line":1,"column":40}},"1":{"start":{"line":3,"column":0},"end":{"line":3,"column":44}},"2":{"start":{"line":7,"column":13},"end":{"line":26,"column":2}},"3":{"start":{"line":8,"column":9},"end":{"line":8,"column":11}},"4":{"start":{"line":8,"column":22},"end":{"line":8,"column":24}},"5":{"start":{"line":8,"column":37},"end":{"line":8,"column":39}},"6":{"start":{"line":9,"column":34},"end":{"line":9,"column":39}},"7":{"start":{"line":11,"column":4},"end":{"line":24,"column":6}},"8":{"start":{"line":28,"column":40},"end":{"line":28,"column":null}},"9":{"start":{"line":28,"column":49},"end":{"line":28,"column":51}},"10":{"start":{"line":28,"column":56},"end":{"line":28,"column":58}},"11":{"start":{"line":28,"column":67},"end":{"line":28,"column":69}},"12":{"start":{"line":28,"column":74},"end":{"line":43,"column":2}},"13":{"start":{"line":32,"column":35},"end":{"line":40,"column":8}},"14":{"start":{"line":45,"column":33},"end":{"line":45,"column":null}},"15":{"start":{"line":45,"column":41},"end":{"line":45,"column":43}},"16":{"start":{"line":45,"column":50},"end":{"line":45,"column":52}},"17":{"start":{"line":45,"column":57},"end":{"line":52,"column":2}}},"fnMap":{"0":{"name":"(anonymous_1)","decl":{"start":{"line":8,"column":2},"end":{"line":8,"column":3}},"loc":{"start":{"line":8,"column":39},"end":{"line":25,"column":3}}},"1":{"name":"(anonymous_2)","decl":{"start":{"line":28,"column":40},"end":{"line":28,"column":41}},"loc":{"start":{"line":28,"column":69},"end":{"line":28,"column":null}}},"2":{"name":"(anonymous_3)","decl":{"start":{"line":32,"column":18},"end":{"line":32,"column":19}},"loc":{"start":{"line":32,"column":30},"end":{"line":32,"column":null}}},"3":{"name":"(anonymous_4)","decl":{"start":{"line":45,"column":33},"end":{"line":45,"column":34}},"loc":{"start":{"line":45,"column":52},"end":{"line":45,"column":null}}}},"branchMap":{"0":{"loc":{"start":{"line":35,"column":26},"end":{"line":35,"column":70}},"type":"cond-expr","locations":[{"start":{"line":35,"column":49},"end":{"line":35,"column":58}},{"start":{"line":35,"column":61},"end":{"line":35,"column":70}}]}},"s":{"0":0,"1":0,"2":0,"3":0,"4":0,"5":0,"6":0,"7":0,"8":0,"9":0,"10":0,"11":0,"12":0,"13":0,"14":0,"15":0,"16":0,"17":0},"f":{"0":0,"1":0,"2":0,"3":0},"b":{"0":[0,0]}}
,"C:\\Users\\Alexey\\Desktop\\Яндекс\\stellar-burgers\\src\\components\\ui\\ingredient-details\\ingredient-details.tsx": {"path":"C:\\Users\\Alexey\\Desktop\\Яндекс\\stellar-burgers\\src\\components\\ui\\ingredient-details\\ingredient-details.tsx","statementMap":{"0":{"start":{"line":1,"column":0},"end":{"line":1,"column":40}},"1":{"start":{"line":2,"column":0},"end":{"line":2,"column":53}},"2":{"start":{"line":5,"column":13},"end":{"line":39,"column":2}},"3":{"start":{"line":6,"column":19},"end":{"line":6,"column":21}},"4":{"start":{"line":8,"column":6},"end":{"line":8,"column":21}},"5":{"start":{"line":10,"column":4},"end":{"line":37,"column":6}}},"fnMap":{"0":{"name":"(anonymous_1)","decl":{"start":{"line":6,"column":2},"end":{"line":6,"column":3}},"loc":{"start":{"line":6,"column":21},"end":{"line":38,"column":3}}}},"branchMap":{},"s":{"0":0,"1":0,"2":0,"3":0,"4":0,"5":0},"f":{"0":0},"b":{}}
,"C:\\Users\\Alexey\\Desktop\\Яндекс\\stellar-burgers\\src\\components\\ui\\ingredients-category\\ingredients-category.tsx": {"path":"C:\\Users\\Alexey\\Desktop\\Яндекс\\stellar-burgers\\src\\components\\ui\\ingredients-category\\ingredients-category.tsx","statementMap":{"0":{"start":{"line":1,"column":0},"end":{"line":1,"column":55}},"1":{"start":{"line":2,"column":0},"end":{"line":2,"column":35}},"2":{"start":{"line":4,"column":0},"end":{"line":4,"column":47}},"3":{"start":{"line":6,"column":13},"end":{"line":24,"column":3}},"4":{"start":{"line":9,"column":10},"end":{"line":9,"column":12}},"5":{"start":{"line":9,"column":20},"end":{"line":9,"column":22}},"6":{"start":{"line":9,"column":33},"end":{"line":9,"column":35}},"7":{"start":{"line":9,"column":54},"end":{"line":9,"column":56}},"8":{"start":{"line":9,"column":66},"end":{"line":24,"column":2}},"9":{"start":{"line":15,"column":39},"end":{"line":21,"column":8}}},"fnMap":{"0":{"name":"(anonymous_1)","decl":{"start":{"line":9,"column":2},"end":{"line":9,"column":3}},"loc":{"start":{"line":9,"column":61},"end":{"line":9,"column":null}}},"1":{"name":"(anonymous_2)","decl":{"start":{"line":15,"column":23},"end":{"line":15,"column":24}},"loc":{"start":{"line":15,"column":34},"end":{"line":15,"column":null}}}},"branchMap":{},"s":{"0":0,"1":0,"2":0,"3":0,"4":0,"5":0,"6":0,"7":0,"8":0,"9":0},"f":{"0":0,"1":0},"b":{}}
,"C:\\Users\\Alexey\\Desktop\\Яндекс\\stellar-burgers\\src\\components\\ui\\modal\\modal.tsx": {"path":"C:\\Users\\Alexey\\Desktop\\Яндекс\\stellar-burgers\\src\\components\\ui\\modal\\modal.tsx","statementMap":{"0":{"start":{"line":1,"column":0},"end":{"line":1,"column":33}},"1":{"start":{"line":3,"column":0},"end":{"line":3,"column":40}},"2":{"start":{"line":5,"column":0},"end":{"line":5,"column":72}},"3":{"start":{"line":7,"column":0},"end":{"line":7,"column":37}},"4":{"start":{"line":9,"column":13},"end":{"line":26,"column":2}},"5":{"start":{"line":10,"column":10},"end":{"line":10,"column":12}},"6":{"start":{"line":10,"column":19},"end":{"line":10,"column":21}},"7":{"start":{"line":10,"column":29},"end":{"line":10,"column":31}},"8":{"start":{"line":10,"column":36},"end":{"line":25,"column":null}}},"fnMap":{"0":{"name":"(anonymous_1)","decl":{"start":{"line":10,"column":2},"end":{"line":10,"column":3}},"loc":{"start":{"line":10,"column":31},"end":{"line":10,"column":null}}}},"branchMap":{},"s":{"0":0,"1":0,"2":0,"3":0,"4":0,"5":0,"6":0,"7":0,"8":0},"f":{"0":0},"b":{}}
,"C:\\Users\\Alexey\\Desktop\\Яндекс\\stellar-burgers\\src\\components\\ui\\modal-overlay\\modal-overlay.tsx": {"path":"C:\\Users\\Alexey\\Desktop\\Яндекс\\stellar-burgers\\src\\components\\ui\\modal-overlay\\modal-overlay.tsx","statementMap":{"0":{"start":{"line":1,"column":0},"end":{"line":1,"column":48}},"1":{"start":{"line":3,"column":30},"end":{"line":3,"column":null}},"2":{"start":{"line":3,"column":40},"end":{"line":3,"column":67}},"3":{"start":{"line":3,"column":72},"end":{"line":5,"column":2}},"4":{"start":{"line":3,"column":13},"end":{"line":3,"column":30}}},"fnMap":{"0":{"name":"(anonymous_1)","decl":{"start":{"line":3,"column":30},"end":{"line":3,"column":31}},"loc":{"start":{"line":3,"column":67},"end":{"line":3,"column":null}}}},"branchMap":{},"s":{"0":0,"1":0,"2":0,"3":0,"4":0},"f":{"0":0},"b":{}}
,"C:\\Users\\Alexey\\Desktop\\Яндекс\\stellar-burgers\\src\\components\\ui\\order-card\\order-card.tsx": {"path":"C:\\Users\\Alexey\\Desktop\\Яндекс\\stellar-burgers\\src\\components\\ui\\order-card\\order-card.tsx","statementMap":{"0":{"start":{"line":1,"column":0},"end":{"line":1,"column":40}},"1":{"start":{"line":2,"column":0},"end":{"line":2,"column":40}},"2":{"start":{"line":3,"column":0},"end":{"line":3,"column":null}},"3":{"start":{"line":8,"column":0},"end":{"line":8,"column":45}},"4":{"start":{"line":11,"column":0},"end":{"line":11,"column":42}},"5":{"start":{"line":13,"column":13},"end":{"line":79,"column":2}},"6":{"start":{"line":14,"column":14},"end":{"line":14,"column":16}},"7":{"start":{"line":14,"column":30},"end":{"line":14,"column":32}},"8":{"start":{"line":14,"column":45},"end":{"line":14,"column":47}},"9":{"start":{"line":14,"column":52},"end":{"line":78,"column":null}},"10":{"start":{"line":38,"column":25},"end":{"line":38,"column":47}},"11":{"start":{"line":39,"column":24},"end":{"line":39,"column":34}},"12":{"start":{"line":40,"column":12},"end":{"line":65,"column":14}}},"fnMap":{"0":{"name":"(anonymous_1)","decl":{"start":{"line":14,"column":2},"end":{"line":14,"column":3}},"loc":{"start":{"line":14,"column":47},"end":{"line":14,"column":null}}},"1":{"name":"(anonymous_2)","decl":{"start":{"line":37,"column":43},"end":{"line":37,"column":44}},"loc":{"start":{"line":37,"column":61},"end":{"line":66,"column":11}}}},"branchMap":{"0":{"loc":{"start":{"line":32,"column":7},"end":{"line":33,"column":null}},"type":"binary-expr","locations":[{"start":{"line":32,"column":7},"end":{"line":32,"column":46}},{"start":{"line":33,"column":8},"end":{"line":33,"column":49}}]},"1":{"loc":{"start":{"line":49,"column":22},"end":{"line":51,"column":29}},"type":"cond-expr","locations":[{"start":{"line":50,"column":26},"end":{"line":50,"column":31}},{"start":{"line":51,"column":26},"end":{"line":51,"column":29}}]},"2":{"loc":{"start":{"line":49,"column":22},"end":{"line":49,"column":71}},"type":"binary-expr","locations":[{"start":{"line":49,"column":22},"end":{"line":49,"column":39}},{"start":{"line":49,"column":43},"end":{"line":49,"column":71}}]},"3":{"loc":{"start":{"line":57,"column":17},"end":{"line":63,"column":24}},"type":"cond-expr","locations":[{"start":{"line":58,"column":18},"end":{"line":61,"column":null}},{"start":{"line":63,"column":20},"end":{"line":63,"column":24}}]},"4":{"loc":{"start":{"line":61,"column":21},"end":{"line":61,"column":75}},"type":"cond-expr","locations":[{"start":{"line":61,"column":45},"end":{"line":61,"column":68}},{"start":{"line":61,"column":71},"end":{"line":61,"column":75}}]}},"s":{"0":0,"1":0,"2":0,"3":0,"4":0,"5":0,"6":0,"7":0,"8":0,"9":0,"10":0,"11":0,"12":0},"f":{"0":0,"1":0},"b":{"0":[0,0],"1":[0,0],"2":[0,0],"3":[0,0],"4":[0,0]}}
,"C:\\Users\\Alexey\\Desktop\\Яндекс\\stellar-burgers\\src\\components\\ui\\order-details\\order-details.tsx": {"path":"C:\\Users\\Alexey\\Desktop\\Яндекс\\stellar-burgers\\src\\components\\ui\\order-details\\order-details.tsx","statementMap":{"0":{"start":{"line":2,"column":0},"end":{"line":2,"column":48}},"1":{"start":{"line":3,"column":0},"end":{"line":3,"column":47}},"2":{"start":{"line":6,"column":61},"end":{"line":8,"column":null}},"3":{"start":{"line":7,"column":13},"end":{"line":7,"column":null}},"4":{"start":{"line":8,"column":6},"end":{"line":29,"column":2}},"5":{"start":{"line":6,"column":13},"end":{"line":6,"column":61}}},"fnMap":{"0":{"name":"(anonymous_1)","decl":{"start":{"line":6,"column":61},"end":{"line":6,"column":62}},"loc":{"start":{"line":8,"column":1},"end":{"line":8,"column":null}}}},"branchMap":{},"s":{"0":0,"1":0,"2":0,"3":0,"4":0,"5":0},"f":{"0":0},"b":{}}
,"C:\\Users\\Alexey\\Desktop\\Яндекс\\stellar-burgers\\src\\components\\ui\\order-info\\order-info.tsx": {"path":"C:\\Users\\Alexey\\Desktop\\Яндекс\\stellar-burgers\\src\\components\\ui\\order-info\\order-info.tsx","statementMap":{"0":{"start":{"line":1,"column":0},"end":{"line":1,"column":40}},"1":{"start":{"line":2,"column":0},"end":{"line":2,"column":null}},"2":{"start":{"line":7,"column":0},"end":{"line":7,"column":45}},"3":{"start":{"line":10,"column":0},"end":{"line":10,"column":42}},"4":{"start":{"line":12,"column":13},"end":{"line":51,"column":3}},"5":{"start":{"line":12,"column":66},"end":{"line":12,"column":68}},"6":{"start":{"line":12,"column":73},"end":{"line":51,"column":2}},"7":{"start":{"line":20,"column":69},"end":{"line":39,"column":8}}},"fnMap":{"0":{"name":"(anonymous_1)","decl":{"start":{"line":12,"column":54},"end":{"line":12,"column":55}},"loc":{"start":{"line":12,"column":68},"end":{"line":12,"column":null}}},"1":{"name":"(anonymous_2)","decl":{"start":{"line":20,"column":52},"end":{"line":20,"column":53}},"loc":{"start":{"line":20,"column":64},"end":{"line":20,"column":null}}}},"branchMap":{},"s":{"0":0,"1":0,"2":0,"3":0,"4":0,"5":0,"6":0,"7":0},"f":{"0":0,"1":0},"b":{}}
,"C:\\Users\\Alexey\\Desktop\\Яндекс\\stellar-burgers\\src\\components\\ui\\order-status\\order-status.tsx": {"path":"C:\\Users\\Alexey\\Desktop\\Яндекс\\stellar-burgers\\src\\components\\ui\\order-status\\order-status.tsx","statementMap":{"0":{"start":{"line":4,"column":53},"end":{"line":4,"column":null}},"1":{"start":{"line":4,"column":65},"end":{"line":4,"column":67}},"2":{"start":{"line":4,"column":71},"end":{"line":4,"column":73}},"3":{"start":{"line":4,"column":78},"end":{"line":11,"column":2}},"4":{"start":{"line":4,"column":13},"end":{"line":4,"column":53}}},"fnMap":{"0":{"name":"(anonymous_0)","decl":{"start":{"line":4,"column":53},"end":{"line":4,"column":54}},"loc":{"start":{"line":4,"column":73},"end":{"line":4,"column":null}}}},"branchMap":{},"s":{"0":0,"1":0,"2":0,"3":0,"4":0},"f":{"0":0},"b":{}}
,"C:\\Users\\Alexey\\Desktop\\Яндекс\\stellar-burgers\\src\\components\\ui\\orders-list\\orders-list.tsx": {"path":"C:\\Users\\Alexey\\Desktop\\Яндекс\\stellar-burgers\\src\\components\\ui\\orders-list\\orders-list.tsx","statementMap":{"0":{"start":{"line":3,"column":0},"end":{"line":3,"column":46}},"1":{"start":{"line":6,"column":0},"end":{"line":6,"column":40}},"2":{"start":{"line":8,"column":51},"end":{"line":8,"column":null}},"3":{"start":{"line":8,"column":65},"end":{"line":8,"column":67}},"4":{"start":{"line":8,"column":72},"end":{"line":14,"column":2}},"5":{"start":{"line":10,"column":32},"end":{"line":12,"column":6}},"6":{"start":{"line":8,"column":13},"end":{"line":8,"column":51}}},"fnMap":{"0":{"name":"(anonymous_1)","decl":{"start":{"line":8,"column":51},"end":{"line":8,"column":52}},"loc":{"start":{"line":8,"column":67},"end":{"line":8,"column":null}}},"1":{"name":"(anonymous_2)","decl":{"start":{"line":10,"column":21},"end":{"line":10,"column":22}},"loc":{"start":{"line":10,"column":27},"end":{"line":10,"column":null}}}},"branchMap":{},"s":{"0":0,"1":0,"2":0,"3":0,"4":0,"5":0,"6":0},"f":{"0":0,"1":0},"b":{}}
,"C:\\Users\\Alexey\\Desktop\\Яндекс\\stellar-burgers\\src\\components\\ui\\pages\\constructor-page\\constructor-page.tsx": {"path":"C:\\Users\\Alexey\\Desktop\\Яндекс\\stellar-burgers\\src\\components\\ui\\pages\\constructor-page\\constructor-page.tsx","statementMap":{"0":{"start":{"line":3,"column":0},"end":{"line":3,"column":51}},"1":{"start":{"line":6,"column":0},"end":{"line":6,"column":32}},"2":{"start":{"line":7,"column":0},"end":{"line":7,"column":67}},"3":{"start":{"line":9,"column":61},"end":{"line":11,"column":null}},"4":{"start":{"line":10,"column":22},"end":{"line":10,"column":null}},"5":{"start":{"line":11,"column":6},"end":{"line":29,"column":2}},"6":{"start":{"line":9,"column":13},"end":{"line":9,"column":61}}},"fnMap":{"0":{"name":"(anonymous_1)","decl":{"start":{"line":9,"column":61},"end":{"line":9,"column":62}},"loc":{"start":{"line":11,"column":1},"end":{"line":11,"column":null}}}},"branchMap":{"0":{"loc":{"start":{"line":13,"column":5},"end":{"line":26,"column":null}},"type":"cond-expr","locations":[{"start":{"line":14,"column":6},"end":{"line":14,"column":19}},{"start":{"line":16,"column":6},"end":{"line":25,"column":null}}]}},"s":{"0":0,"1":0,"2":0,"3":0,"4":0,"5":0,"6":0},"f":{"0":0},"b":{"0":[0,0]}}
,"C:\\Users\\Alexey\\Desktop\\Яндекс\\stellar-burgers\\src\\components\\ui\\pages\\feed\\feed.tsx": {"path":"C:\\Users\\Alexey\\Desktop\\Яндекс\\stellar-burgers\\src\\components\\ui\\pages\\feed\\feed.tsx","statementMap":{"0":{"start":{"line":1,"column":0},"end":{"line":1,"column":33}},"1":{"start":{"line":3,"column":0},"end":{"line":3,"column":39}},"2":{"start":{"line":6,"column":0},"end":{"line":6,"column":51}},"3":{"start":{"line":7,"column":0},"end":{"line":7,"column":76}},"4":{"start":{"line":9,"column":13},"end":{"line":30,"column":3}},"5":{"start":{"line":9,"column":53},"end":{"line":9,"column":55}},"6":{"start":{"line":9,"column":69},"end":{"line":9,"column":71}},"7":{"start":{"line":9,"column":76},"end":{"line":30,"column":2}}},"fnMap":{"0":{"name":"(anonymous_1)","decl":{"start":{"line":9,"column":44},"end":{"line":9,"column":45}},"loc":{"start":{"line":9,"column":71},"end":{"line":9,"column":null}}}},"branchMap":{},"s":{"0":0,"1":0,"2":0,"3":0,"4":0,"5":0,"6":0,"7":0},"f":{"0":0},"b":{}}
[...]
,"C:\\Users\\Alexey\\Desktop\\Яндекс\\stellar-burgers\\src\\pages\\forgot-password\\forgot-password.tsx": {"path":"C:\\Users\\Alexey\\Desktop\\Яндекс\\stellar-burgers\\src\\pages\\forgot-password\\forgot-password.tsx","statementMap":{"0":{"start":{"line":1,"column":0},"end":{"line":1,"column":53}},"1":{"start":{"line":2,"column":0},"end":{"line":2,"column":47}},"2":{"start":{"line":4,"column":0},"end":{"line":4,"column":33}},"3":{"start":{"line":5,"column":0},"end":{"line":5,"column":45}},"4":{"start":{"line":7,"column":34},"end":{"line":34,"column":1}},"5":{"start":{"line":8,"column":28},"end":{"line":8,"column":40}},"6":{"start":{"line":8,"column":14},"end":{"line":8,"column":16}},"7":{"start":{"line":8,"column":24},"end":{"line":8,"column":28}},"8":{"start":{"line":9,"column":28},"end":{"line":9,"column":56}},"9":{"start":{"line":9,"column":14},"end":{"line":9,"column":16}},"10":{"start":{"line":9,"column":24},"end":{"line":9,"column":28}},"11":{"start":{"line":11,"column":19},"end":{"line":11,"column":32}},"12":{"start":{"line":13,"column":23},"end":{"line":24,"column":3}},"13":{"start":{"line":14,"column":4},"end":{"line":14,"column":23}},"14":{"start":{"line":16,"column":4},"end":{"line":16,"column":19}},"15":{"start":{"line":17,"column":4},"end":{"line":23,"column":37}},"16":{"start":{"line":20,"column":8},"end":{"line":20,"column":54}},"17":{"start":{"line":21,"column":8},"end":{"line":21,"column":55}},"18":{"start":{"line":23,"column":22},"end":{"line":23,"column":36}},"19":{"start":{"line":26,"column":2},"end":{"line":33,"column":4}},"20":{"start":{"line":7,"column":13},"end":{"line":7,"column":34}}},"fnMap":{"0":{"name":"(anonymous_0)","decl":{"start":{"line":7,"column":34},"end":{"line":7,"column":null}},"loc":{"start":{"line":7,"column":34},"end":{"line":34,"column":1}}},"1":{"name":"(anonymous_1)","decl":{"start":{"line":13,"column":23},"end":{"line":13,"column":24}},"loc":{"start":{"line":13,"column":41},"end":{"line":24,"column":3}}},"2":{"name":"(anonymous_2)","decl":{"start":{"line":19,"column":12},"end":{"line":19,"column":null}},"loc":{"start":{"line":19,"column":12},"end":{"line":22,"column":7}}},"3":{"name":"(anonymous_3)","decl":{"start":{"line":23,"column":13},"end":{"line":23,"column":14}},"loc":{"start":{"line":23,"column":17},"end":{"line":23,"column":30}}}},"branchMap":{"0":{"loc":{"start":{"line":28,"column":17},"end":{"line":28,"column":31}},"type":"cond-expr","locations":[{"start":{"line":28,"column":22},"end":{"line":28,"column":24}},{"start":{"line":28,"column":17},"end":{"line":28,"column":31}}]},"1":{"loc":{"start":{"line":28,"column":17},"end":{"line":28,"column":24}},"type":"binary-expr","locations":[{"start":{"line":28,"column":17},"end":{"line":28,"column":24}},{"start":{"line":28,"column":17},"end":{"line":28,"column":24}}]}},"s":{"0":0,"1":0,"2":0,"3":0,"4":0,"5":0,"6":0,"7":0,"8":0,"9":0,"10":0,"11":0,"12":0,"13":0,"14":0,"15":0,"16":0,"17":0,"18":0,"19":0,"20":0},"f":{"0":0,"1":0,"2":0,"3":0},"b":{"0":[0,0],"1":[0,0]}}
,"C:\\Users\\Alexey\\Desktop\\Яндекс\\stellar-burgers\\src\\pages\\login\\login.tsx": {"path":"C:\\Users\\Alexey\\Desktop\\Яндекс\\stellar-burgers\\src\\pages\\login\\login.tsx","statementMap":{"0":{"start":{"line":1,"column":0},"end":{"line":1,"column":53}},"1":{"start":{"line":2,"column":0},"end":{"line":2,"column":36}},"2":{"start":{"line":3,"column":0},"end":{"line":3,"column":62}},"3":{"start":{"line":4,"column":0},"end":{"line":4,"column":54}},"4":{"start":{"line":6,"column":25},"end":{"line":26,"column":1}},"5":{"start":{"line":7,"column":28},"end":{"line":7,"column":40}},"6":{"start":{"line":7,"column":14},"end":{"line":7,"column":16}},"7":{"start":{"line":7,"column":24},"end":{"line":7,"column":28}},"8":{"start":{"line":8,"column":34},"end":{"line":8,"column":46}},"9":{"start":{"line":8,"column":17},"end":{"line":8,"column":19}},"10":{"start":{"line":8,"column":30},"end":{"line":8,"column":34}},"11":{"start":{"line":9,"column":19},"end":{"line":9,"column":32}},"12":{"start":{"line":11,"column":23},"end":{"line":14,"column":3}},"13":{"start":{"line":12,"column":4},"end":{"line":12,"column":23}},"14":{"start":{"line":13,"column":4},"end":{"line":13,"column":45}},"15":{"start":{"line":16,"column":2},"end":{"line":25,"column":4}},"16":{"start":{"line":6,"column":13},"end":{"line":6,"column":25}}},"fnMap":{"0":{"name":"(anonymous_0)","decl":{"start":{"line":6,"column":25},"end":{"line":6,"column":null}},"loc":{"start":{"line":6,"column":25},"end":{"line":26,"column":1}}},"1":{"name":"(anonymous_1)","decl":{"start":{"line":11,"column":23},"end":{"line":11,"column":24}},"loc":{"start":{"line":11,"column":41},"end":{"line":14,"column":3}}}},"branchMap":{},"s":{"0":0,"1":0,"2":0,"3":0,"4":0,"5":0,"6":0,"7":0,"8":0,"9":0,"10":0,"11":0,"12":0,"13":0,"14":0,"15":0,"16":0},"f":{"0":0,"1":0},"b":{}}
,"C:\\Users\\Alexey\\Desktop\\Яндекс\\stellar-burgers\\src\\pages\\not-fount-404\\not-fount-404.tsx": {"path":"C:\\Users\\Alexey\\Desktop\\Яндекс\\stellar-burgers\\src\\pages\\not-fount-404\\not-fount-404.tsx","statementMap":{"0":{"start":{"line":3,"column":31},"end":{"line":3,"column":null}},"1":{"start":{"line":3,"column":37},"end":{"line":7,"column":2}},"2":{"start":{"line":3,"column":13},"end":{"line":3,"column":31}}},"fnMap":{"0":{"name":"(anonymous_0)","decl":{"start":{"line":3,"column":31},"end":{"line":3,"column":37}},"loc":{"start":{"line":3,"column":31},"end":{"line":3,"column":null}}}},"branchMap":{},"s":{"0":0,"1":0,"2":0},"f":{"0":0},"b":{}}
,"C:\\Users\\Alexey\\Desktop\\Яндекс\\stellar-burgers\\src\\pages\\profile\\profile.tsx": {"path":"C:\\Users\\Alexey\\Desktop\\Яндекс\\stellar-burgers\\src\\pages\\profile\\profile.tsx","statementMap":{"0":{"start":{"line":1,"column":0},"end":{"line":1,"column":38}},"1":{"start":{"line":2,"column":0},"end":{"line":2,"column":64}},"2":{"start":{"line":3,"column":0},"end":{"line":3,"column":null}},"3":{"start":{"line":7,"column":0},"end":{"line":7,"column":75}},"4":{"start":{"line":8,"column":0},"end":{"line":8,"column":59}},"5":{"start":{"line":10,"column":27},"end":{"line":60,"column":1}},"6":{"start":{"line":13,"column":19},"end":{"line":13,"column":32}},"7":{"start":{"line":14,"column":15},"end":{"line":17,"column":4}},"8":{"start":{"line":19,"column":36},"end":{"line":23,"column":4}},"9":{"start":{"line":19,"column":18},"end":{"line":19,"column":20}},"10":{"start":{"line":19,"column":32},"end":{"line":19,"column":36}},"11":{"start":{"line":26,"column":4},"end":{"line":28,"column":24}},"12":{"start":{"line":30,"column":23},"end":{"line":33,"column":3}},"13":{"start":{"line":31,"column":4},"end":{"line":31,"column":23}},"14":{"start":{"line":32,"column":4},"end":{"line":32,"column":40}},"15":{"start":{"line":35,"column":23},"end":{"line":42,"column":3}},"16":{"start":{"line":36,"column":4},"end":{"line":36,"column":23}},"17":{"start":{"line":37,"column":4},"end":{"line":41,"column":7}},"18":{"start":{"line":44,"column":28},"end":{"line":49,"column":3}},"19":{"start":{"line":45,"column":4},"end":{"line":48,"column":8}},"20":{"start":{"line":45,"column":32},"end":{"line":48,"column":7}},"21":{"start":{"line":51,"column":2},"end":{"line":59,"column":4}},"22":{"start":{"line":10,"column":13},"end":{"line":10,"column":27}}},"fnMap":{"0":{"name":"(anonymous_2)","decl":{"start":{"line":10,"column":27},"end":{"line":10,"column":null}},"loc":{"start":{"line":10,"column":27},"end":{"line":60,"column":1}}},"1":{"name":"(anonymous_3)","decl":{"start":{"line":30,"column":23},"end":{"line":30,"column":24}},"loc":{"start":{"line":30,"column":41},"end":{"line":33,"column":3}}},"2":{"name":"(anonymous_4)","decl":{"start":{"line":35,"column":23},"end":{"line":35,"column":24}},"loc":{"start":{"line":35,"column":41},"end":{"line":42,"column":3}}},"3":{"name":"(anonymous_5)","decl":{"start":{"line":44,"column":28},"end":{"line":44,"column":29}},"loc":{"start":{"line":44,"column":67},"end":{"line":49,"column":3}}},"4":{"name":"(anonymous_6)","decl":{"start":{"line":45,"column":17},"end":{"line":45,"column":18}},"loc":{"start":{"line":45,"column":27},"end":{"line":45,"column":null}}}},"branchMap":{"0":{"loc":{"start":{"line":26,"column":4},"end":{"line":28,"column":24}},"type":"binary-expr","locations":[{"start":{"line":26,"column":4},"end":{"line":26,"column":null}},{"start":{"line":27,"column":4},"end":{"line":27,"column":null}},{"start":{"line":28,"column":4},"end":{"line":28,"column":24}}]},"1":{"loc":{"start":{"line":26,"column":23},"end":{"line":26,"column":33}},"type":"cond-expr","locations":[{"start":{"line":26,"column":27},"end":{"line":26,"column":29}},{"start":{"line":26,"column":23},"end":{"line":26,"column":33}}]},"2":{"loc":{"start":{"line":26,"column":23},"end":{"line":26,"column":29}},"type":"binary-expr","locations":[{"start":{"line":26,"column":23},"end":{"line":26,"column":29}},{"start":{"line":26,"column":23},"end":{"line":26,"column":29}}]},"3":{"loc":{"start":{"line":27,"column":24},"end":{"line":27,"column":35}},"type":"cond-expr","locations":[{"start":{"line":27,"column":28},"end":{"line":27,"column":30}},{"start":{"line":27,"column":24},"end":{"line":27,"column":35}}]},"4":{"loc":{"start":{"line":27,"column":24},"end":{"line":27,"column":30}},"type":"binary-expr","locations":[{"start":{"line":27,"column":24},"end":{"line":27,"column":30}},{"start":{"line":27,"column":24},"end":{"line":27,"column":30}}]}},"s":{"0":0,"1":0,"2":0,"3":0,"4":0,"5":0,"6":0,"7":0,"8":0,"9":0,"10":0,"11":0,"12":0,"13":0,"14":0,"15":0,"16":0,"17":0,"18":0,"19":0,"20":0,"21":0,"22":0},"f":{"0":0,"1":0,"2":0,"3":0,"4":0},"b":{"0":[0,0,0],"1":[0,0],"2":[0,0],"3":[0,0],"4":[0,0]}}
,"C:\\Users\\Alexey\\Desktop\\Яндекс\\stellar-burgers\\src\\pages\\profile-orders\\profile-orders.tsx": {"path":"C:\\Users\\Alexey\\Desktop\\Яндекс\\stellar-burgers\\src\\pages\\profile-orders\\profile-orders.tsx","statementMap":{"0":{"start":{"line":1,"column":0},"end":{"line":1,"column":44}},"1":{"start":{"line":3,"column":0},"end":{"line":3,"column":38}},"2":{"start":{"line":4,"column":0},"end":{"line":4,"column":67}},"3":{"start":{"line":5,"column":0},"end":{"line":5,"column":62}},"4":{"start":{"line":6,"column":0},"end":{"line":6,"column":56}},"5":{"start":{"line":7,"column":0},"end":{"line":7,"column":42}},"6":{"start":{"line":9,"column":33},"end":{"line":19,"column":1}},"7":{"start":{"line":11,"column":19},"end":{"line":11,"column":32}},"8":{"start":{"line":12,"column":27},"end":{"line":12,"column":52}},"9":{"start":{"line":14,"column":2},"end":{"line":16,"column":9}},"10":{"start":{"line":15,"column":4},"end":{"line":15,"column":51}},"11":{"start":{"line":15,"column":29},"end":{"line":15,"column":51}},"12":{"start":{"line":18,"column":2},"end":{"line":18,"column":45}},"13":{"start":{"line":9,"column":13},"end":{"line":9,"column":33}}},"fnMap":{"0":{"name":"(anonymous_0)","decl":{"start":{"line":9,"column":33},"end":{"line":9,"column":null}},"loc":{"start":{"line":9,"column":33},"end":{"line":19,"column":1}}},"1":{"name":"(anonymous_1)","decl":{"start":{"line":14,"column":12},"end":{"line":14,"column":null}},"loc":{"start":{"line":14,"column":12},"end":{"line":16,"column":3}}}},"branchMap":{"0":{"loc":{"start":{"line":15,"column":4},"end":{"line":15,"column":51}},"type":"if","locations":[{"start":{"line":15,"column":4},"end":{"line":15,"column":51}}]}},"s":{"0":0,"1":0,"2":0,"3":0,"4":0,"5":0,"6":0,"7":0,"8":0,"9":0,"10":0,"11":0,"12":0,"13":0},"f":{"0":0,"1":0},"b":{"0":[0]}}
,"C:\\Users\\Alexey\\Desktop\\Яндекс\\stellar-burgers\\src\\pages\\register\\register.tsx": {"path":"C:\\Users\\Alexey\\Desktop\\Яндекс\\stellar-burgers\\src\\pages\\register\\register.tsx","statementMap":{"0":{"start":{"line":1,"column":0},"end":{"line":1,"column":53}},"1":{"start":{"line":2,"column":0},"end":{"line":2,"column":39}},"2":{"start":{"line":3,"column":0},"end":{"line":3,"column":62}},"3":{"start":{"line":4,"column":0},"end":{"line":4,"column":57}},"4":{"start":{"line":6,"column":28},"end":{"line":29,"column":1}},"5":{"start":{"line":7,"column":34},"end":{"line":7,"column":46}},"6":{"start":{"line":7,"column":17},"end":{"line":7,"column":19}},"7":{"start":{"line":7,"column":30},"end":{"line":7,"column":34}},"8":{"start":{"line":8,"column":28},"end":{"line":8,"column":40}},"9":{"start":{"line":8,"column":14},"end":{"line":8,"column":16}},"10":{"start":{"line":8,"column":24},"end":{"line":8,"column":28}},"11":{"start":{"line":9,"column":34},"end":{"line":9,"column":46}},"12":{"start":{"line":9,"column":17},"end":{"line":9,"column":19}},"13":{"start":{"line":9,"column":30},"end":{"line":9,"column":34}},"14":{"start":{"line":10,"column":19},"end":{"line":10,"column":32}},"15":{"start":{"line":12,"column":23},"end":{"line":15,"column":3}},"16":{"start":{"line":13,"column":4},"end":{"line":13,"column":23}},"17":{"start":{"line":14,"column":4},"end":{"line":14,"column":64}},"18":{"start":{"line":17,"column":2},"end":{"line":28,"column":4}},"19":{"start":{"line":6,"column":13},"end":{"line":6,"column":28}}},"fnMap":{"0":{"name":"(anonymous_0)","decl":{"start":{"line":6,"column":28},"end":{"line":6,"column":null}},"loc":{"start":{"line":6,"column":28},"end":{"line":29,"column":1}}},"1":{"name":"(anonymous_1)","decl":{"start":{"line":12,"column":23},"end":{"line":12,"column":24}},"loc":{"start":{"line":12,"column":41},"end":{"line":15,"column":3}}}},"branchMap":{},"s":{"0":0,"1":0,"2":0,"3":0,"4":0,"5":0,"6":0,"7":0,"8":0,"9":0,"10":0,"11":0,"12":0,"13":0,"14":0,"15":0,"16":0,"17":0,"18":0,"19":0},"f":{"0":0,"1":0},"b":{}}
,"C:\\Users\\Alexey\\Desktop\\Яндекс\\stellar-burgers\\src\\pages\\reset-password\\reset-password.tsx": {"path":"C:\\Users\\Alexey\\Desktop\\Яндекс\\stellar-burgers\\src\\pages\\reset-password\\reset-password.tsx","statementMap":{"0":{"start":{"line":1,"column":0},"end":{"line":1,"column":64}},"1":{"start":{"line":2,"column":0},"end":{"line":2,"column":47}},"2":{"start":{"line":4,"column":0},"end":{"line":4,"column":33}},"3":{"start":{"line":5,"column":0},"end":{"line":5,"column":44}},"4":{"start":{"line":7,"column":33},"end":{"line":41,"column":1}},"5":{"start":{"line":8,"column":19},"end":{"line":8,"column":32}},"6":{"start":{"line":9,"column":34},"end":{"line":9,"column":46}},"7":{"start":{"line":9,"column":17},"end":{"line":9,"column":19}},"8":{"start":{"line":9,"column":30},"end":{"line":9,"column":34}},"9":{"start":{"line":10,"column":28},"end":{"line":10,"column":40}},"10":{"start":{"line":10,"column":14},"end":{"line":10,"column":16}},"11":{"start":{"line":10,"column":24},"end":{"line":10,"column":28}},"12":{"start":{"line":11,"column":28},"end":{"line":11,"column":56}},"13":{"start":{"line":11,"column":14},"end":{"line":11,"column":16}},"14":{"start":{"line":11,"column":24},"end":{"line":11,"column":28}},"15":{"start":{"line":13,"column":23},"end":{"line":23,"column":3}},"16":{"start":{"line":14,"column":4},"end":{"line":14,"column":23}},"17":{"start":{"line":15,"column":4},"end":{"line":15,"column":19}},"18":{"start":{"line":16,"column":4},"end":{"line":22,"column":37}},"19":{"start":{"line":19,"column":8},"end":{"line":19,"column":49}},"20":{"start":{"line":20,"column":8},"end":{"line":20,"column":27}},"21":{"start":{"line":22,"column":22},"end":{"line":22,"column":36}},"22":{"start":{"line":25,"column":2},"end":{"line":29,"column":17}},"23":{"start":{"line":26,"column":4},"end":{"line":28,"column":5}},"24":{"start":{"line":27,"column":6},"end":{"line":27,"column":54}},"25":{"start":{"line":31,"column":2},"end":{"line":40,"column":4}},"26":{"start":{"line":7,"column":13},"end":{"line":7,"column":33}}},"fnMap":{"0":{"name":"(anonymous_0)","decl":{"start":{"line":7,"column":33},"end":{"line":7,"column":null}},"loc":{"start":{"line":7,"column":33},"end":{"line":41,"column":1}}},"1":{"name":"(anonymous_1)","decl":{"start":{"line":13,"column":23},"end":{"line":13,"column":24}},"loc":{"start":{"line":13,"column":41},"end":{"line":23,"column":3}}},"2":{"name":"(anonymous_2)","decl":{"start":{"line":18,"column":12},"end":{"line":18,"column":null}},"loc":{"start":{"line":18,"column":12},"end":{"line":21,"column":7}}},"3":{"name":"(anonymous_3)","decl":{"start":{"line":22,"column":13},"end":{"line":22,"column":14}},"loc":{"start":{"line":22,"column":17},"end":{"line":22,"column":30}}},"4":{"name":"(anonymous_4)","decl":{"start":{"line":25,"column":12},"end":{"line":25,"column":null}},"loc":{"start":{"line":25,"column":12},"end":{"line":29,"column":3}}}},"branchMap":{"0":{"loc":{"start":{"line":26,"column":4},"end":{"line":28,"column":5}},"type":"if","locations":[{"start":{"line":26,"column":4},"end":{"line":28,"column":5}}]},"1":{"loc":{"start":{"line":33,"column":17},"end":{"line":33,"column":31}},"type":"cond-expr","locations":[{"start":{"line":33,"column":22},"end":{"line":33,"column":24}},{"start":{"line":33,"column":17},"end":{"line":33,"column":31}}]},"2":{"loc":{"start":{"line":33,"column":17},"end":{"line":33,"column":24}},"type":"binary-expr","locations":[{"start":{"line":33,"column":17},"end":{"line":33,"column":24}},{"start":{"line":33,"column":17},"end":{"line":33,"column":24}}]}},"s":{"0":0,"1":0,"2":0,"3":0,"4":0,"5":0,"6":0,"7":0,"8":0,"9":0,"10":0,"11":0,"12":0,"13":0,"14":0,"15":0,"16":0,"17":0,"18":0,"19":0,"20":0,"21":0,"22":0,"23":0,"24":0,"25":0,"26":0},"f":{"0":0,"1":0,"2":0,"3":0,"4":0},"b":{"0":[0],"1":[0,0],"2":[0,0]}}
,"C:\\Users\\Alexey\\Desktop\\Яндекс\\stellar-burgers\\src\\stories\\BurgerIngredient.stories.tsx": {"path":"C:\\Users\\Alexey\\Desktop\\Яндекс\\stellar-burgers\\src\\stories\\BurgerIngredient.stories.tsx","statementMap":{"0":{"start":{"line":2,"column":0},"end":{"line":2,"column":41}},"1":{"start":{"line":5,"column":13},"end":{"line":21,"column":44}},"2":{"start":{"line":15,"column":15},"end":{"line":19,"column":null}},"3":{"start":{"line":23,"column":0},"end":{"line":23,"column":20}},"4":{"start":{"line":26,"column":13},"end":{"line":53,"column":2}}},"fnMap":{"0":{"name":"(anonymous_0)","decl":{"start":{"line":15,"column":4},"end":{"line":15,"column":5}},"loc":{"start":{"line":15,"column":10},"end":{"line":15,"column":null}}},"1":{"name":"(anonymous_1)","decl":{"start":{"line":51,"column":15},"end":{"line":51,"column":22}},"loc":{"start":{"line":51,"column":15},"end":{"line":51,"column":23}}}},"branchMap":{},"s":{"0":0,"1":0,"2":0,"3":0,"4":0},"f":{"0":0,"1":0},"b":{}}
,"C:\\Users\\Alexey\\Desktop\\Яндекс\\stellar-burgers\\src\\stories\\OrderDetails.stories.tsx": {"path":"C:\\Users\\Alexey\\Desktop\\Яндекс\\stellar-burgers\\src\\stories\\OrderDetails.stories.tsx","statementMap":{"0":{"start":{"line":2,"column":0},"end":{"line":2,"column":37}},"1":{"start":{"line":5,"column":13},"end":{"line":29,"column":40}},"2":{"start":{"line":15,"column":15},"end":{"line":27,"column":null}},"3":{"start":{"line":31,"column":0},"end":{"line":31,"column":20}},"4":{"start":{"line":34,"column":13},"end":{"line":38,"column":2}}},"fnMap":{"0":{"name":"(anonymous_0)","decl":{"start":{"line":15,"column":4},"end":{"line":15,"column":5}},"loc":{"start":{"line":15,"column":10},"end":{"line":15,"column":null}}}},"branchMap":{},"s":{"0":0,"1":0,"2":0,"3":0,"4":0},"f":{"0":0},"b":{}}
,"C:\\Users\\Alexey\\Desktop\\Яндекс\\stellar-burgers\\src\\stories\\OrderStatus.stories.tsx": {"path":"C:\\Users\\Alexey\\Desktop\\Яндекс\\stellar-burgers\\src\\stories\\OrderStatus.stories.tsx","statementMap":{"0":{"start":{"line":2,"column":0},"end":{"line":2,"column":36}},"1":{"start":{"line":5,"column":13},"end":{"line":21,"column":39}},"2":{"start":{"line":15,"column":15},"end":{"line":19,"column":null}},"3":{"start":{"line":23,"column":0},"end":{"line":23,"column":20}},"4":{"start":{"line":26,"column":13},"end":{"line":31,"column":2}}},"fnMap":{"0":{"name":"(anonymous_0)","decl":{"start":{"line":15,"column":4},"end":{"line":15,"column":5}},"loc":{"start":{"line":15,"column":10},"end":{"line":15,"column":null}}}},"branchMap":{},"s":{"0":0,"1":0,"2":0,"3":0,"4":0},"f":{"0":0},"b":{}}
}
